
[Simulation begins] Sat Dec  2 21:36:11 2017

dt= 0.00144443, # iters = 2000
m x n = 1800 x 1800
processor geometry: 1 x 96

Compiled with MPI ENABLED

[Simulation completes] Sat Dec  2 21:36:12 2017

End at iteration 1999
Max norm: 9.96750e-01, L2norm: 6.48613e-01
Running Time: 0.356078 sec. [510 GFlop/sec]

   M x N   px x py Comm?   #iter  T_p, Gflops        Linf, L2
@ 1800 1800    1 96      Y     2000  0.3561 509.6    9.96750e-01 6.48613e-01
  -----

[Simulation begins] Sat Dec  2 21:36:13 2017

dt= 0.00144443, # iters = 2000
m x n = 1800 x 1800
processor geometry: 2 x 48

Compiled with MPI ENABLED

[Simulation completes] Sat Dec  2 21:36:14 2017

End at iteration 1999
Max norm: 9.96750e-01, L2norm: 6.48613e-01
Running Time: 0.34534 sec. [525 GFlop/sec]

   M x N   px x py Comm?   #iter  T_p, Gflops        Linf, L2
@ 1800 1800    2 48      Y     2000  0.3453 525.4    9.96750e-01 6.48613e-01
  -----

[Simulation begins] Sat Dec  2 21:36:16 2017

dt= 0.00144443, # iters = 2000
m x n = 1800 x 1800
processor geometry: 3 x 32

Compiled with MPI ENABLED

[Simulation completes] Sat Dec  2 21:36:16 2017

End at iteration 1999
Max norm: 9.96750e-01, L2norm: 6.48613e-01
Running Time: 0.350813 sec. [517 GFlop/sec]

   M x N   px x py Comm?   #iter  T_p, Gflops        Linf, L2
@ 1800 1800    3 32      Y     2000  0.3508 517.2    9.96750e-01 6.48613e-01
  -----

[Simulation begins] Sat Dec  2 21:36:18 2017

dt= 0.00144443, # iters = 2000
m x n = 1800 x 1800
processor geometry: 4 x 24

Compiled with MPI ENABLED

[Simulation completes] Sat Dec  2 21:36:18 2017

End at iteration 1999
Max norm: 9.96750e-01, L2norm: 6.48613e-01
Running Time: 0.358356 sec. [506 GFlop/sec]

   M x N   px x py Comm?   #iter  T_p, Gflops        Linf, L2
@ 1800 1800    4 24      Y     2000  0.3584 506.3    9.96750e-01 6.48613e-01
  -----

[Simulation begins] Sat Dec  2 21:36:20 2017

dt= 0.00144443, # iters = 2000
m x n = 1800 x 1800
processor geometry: 6 x 16

Compiled with MPI ENABLED

[Simulation completes] Sat Dec  2 21:36:20 2017

End at iteration 1999
Max norm: 9.96750e-01, L2norm: 6.48613e-01
Running Time: 0.353026 sec. [514 GFlop/sec]

   M x N   px x py Comm?   #iter  T_p, Gflops        Linf, L2
@ 1800 1800    6 16      Y     2000  0.353 514    9.96750e-01 6.48613e-01
  -----

[Simulation begins] Sat Dec  2 21:36:22 2017

dt= 0.00144443, # iters = 2000
m x n = 1800 x 1800
processor geometry: 8 x 12

Compiled with MPI ENABLED

[Simulation completes] Sat Dec  2 21:36:22 2017

End at iteration 1999
Max norm: 9.96750e-01, L2norm: 6.48613e-01
Running Time: 0.355167 sec. [511 GFlop/sec]

   M x N   px x py Comm?   #iter  T_p, Gflops        Linf, L2
@ 1800 1800    8 12      Y     2000  0.3552 510.9    9.96750e-01 6.48613e-01
  -----

[Simulation begins] Sat Dec  2 21:36:24 2017

dt= 0.00144443, # iters = 2000
m x n = 1800 x 1800
processor geometry: 12 x 8

Compiled with MPI ENABLED

[Simulation completes] Sat Dec  2 21:36:24 2017

End at iteration 1999
Max norm: 9.96750e-01, L2norm: 6.48613e-01
Running Time: 0.355623 sec. [510 GFlop/sec]

   M x N   px x py Comm?   #iter  T_p, Gflops        Linf, L2
@ 1800 1800    12 8      Y     2000  0.3556 510.2    9.96750e-01 6.48613e-01
  -----

[Simulation begins] Sat Dec  2 21:36:26 2017

dt= 0.00144443, # iters = 2000
m x n = 1800 x 1800
processor geometry: 16 x 6

Compiled with MPI ENABLED

[Simulation completes] Sat Dec  2 21:36:26 2017

End at iteration 1999
Max norm: 9.96750e-01, L2norm: 6.48613e-01
Running Time: 0.361893 sec. [501 GFlop/sec]

   M x N   px x py Comm?   #iter  T_p, Gflops        Linf, L2
@ 1800 1800    16 6      Y     2000  0.3619 501.4    9.96750e-01 6.48613e-01
  -----

[Simulation begins] Sat Dec  2 21:36:28 2017

dt= 0.00144443, # iters = 2000
m x n = 1800 x 1800
processor geometry: 24 x 4

Compiled with MPI ENABLED

[Simulation completes] Sat Dec  2 21:36:28 2017

End at iteration 1999
Max norm: 9.96750e-01, L2norm: 6.48613e-01
Running Time: 0.379726 sec. [478 GFlop/sec]

   M x N   px x py Comm?   #iter  T_p, Gflops        Linf, L2
@ 1800 1800    24 4      Y     2000  0.3797 477.8    9.96750e-01 6.48613e-01
  -----

[Simulation begins] Sat Dec  2 21:36:30 2017

dt= 0.00144443, # iters = 2000
m x n = 1800 x 1800
processor geometry: 32 x 3

Compiled with MPI ENABLED

[Simulation completes] Sat Dec  2 21:36:30 2017

End at iteration 1999
Max norm: 9.96750e-01, L2norm: 6.48613e-01
Running Time: 0.369781 sec. [491 GFlop/sec]

   M x N   px x py Comm?   #iter  T_p, Gflops        Linf, L2
@ 1800 1800    32 3      Y     2000  0.3698 490.7    9.96750e-01 6.48613e-01
  -----

[Simulation begins] Sat Dec  2 21:36:32 2017

dt= 0.00144443, # iters = 2000
m x n = 1800 x 1800
processor geometry: 48 x 2

Compiled with MPI ENABLED

[Simulation completes] Sat Dec  2 21:36:32 2017

End at iteration 1999
Max norm: 9.96750e-01, L2norm: 6.48613e-01
Running Time: 0.368794 sec. [492 GFlop/sec]

   M x N   px x py Comm?   #iter  T_p, Gflops        Linf, L2
@ 1800 1800    48 2      Y     2000  0.3688 492    9.96750e-01 6.48613e-01
  -----

[Simulation begins] Sat Dec  2 21:36:34 2017

dt= 0.00144443, # iters = 2000
m x n = 1800 x 1800
processor geometry: 96 x 1

Compiled with MPI ENABLED

[Simulation completes] Sat Dec  2 21:36:34 2017

End at iteration 1999
Max norm: 9.96750e-01, L2norm: 6.48613e-01
Running Time: 0.42513 sec. [427 GFlop/sec]

   M x N   px x py Comm?   #iter  T_p, Gflops        Linf, L2
@ 1800 1800    96 1      Y     2000  0.4251 426.8    9.96750e-01 6.48613e-01
  -----
