
[Simulation begins] Sat Dec  2 21:06:29 2017

dt= 0.00144443, # iters = 2000
m x n = 1800 x 1800
processor geometry: 2 x 48

Compiled with MPI ENABLED
Communication shut off

[Simulation completes] Sat Dec  2 21:06:30 2017

End at iteration 1999
Max norm: 9.96750e-01, L2norm: 6.37495e-01
Running Time: 0.532952 sec. [340 GFlop/sec]

   M x N   px x py Comm?   #iter  T_p, Gflops        Linf, L2
@ 1800 1800    2 48      N     2000  0.533 340.4    9.96750e-01 6.37495e-01
  -----

[Simulation begins] Sat Dec  2 21:06:32 2017

dt= 0.00144443, # iters = 2000
m x n = 1800 x 1800
processor geometry: 2 x 96

Compiled with MPI ENABLED
Communication shut off

[Simulation completes] Sat Dec  2 21:06:32 2017

End at iteration 1999
Max norm: 9.96750e-01, L2norm: 6.37474e-01
Running Time: 0.300192 sec. [604 GFlop/sec]

   M x N   px x py Comm?   #iter  T_p, Gflops        Linf, L2
@ 1800 1800    2 96      N     2000  0.3002 604.4    9.96750e-01 6.37474e-01
  -----

[Simulation begins] Sat Dec  2 21:06:34 2017

dt= 0.00144443, # iters = 2000
m x n = 1800 x 1800
processor geometry: 2 x 120

Compiled with MPI ENABLED
Communication shut off

[Simulation completes] Sat Dec  2 21:06:34 2017

End at iteration 1999
Max norm: 9.96750e-01, L2norm: 6.37382e-01
Running Time: 0.217443 sec. [834 GFlop/sec]

   M x N   px x py Comm?   #iter  T_p, Gflops        Linf, L2
@ 1800 1800    2 120      N     2000  0.2174 834.4    9.96750e-01 6.37382e-01
  -----

[Simulation begins] Sat Dec  2 21:06:38 2017

dt= 0.00144443, # iters = 2000
m x n = 1800 x 1800
processor geometry: 2 x 240

Compiled with MPI ENABLED
Communication shut off

[Simulation completes] Sat Dec  2 21:06:38 2017

End at iteration 1999
Max norm: 9.96750e-01, L2norm: 6.37431e-01
Running Time: 0.114018 sec. [1.59e+03 GFlop/sec]

   M x N   px x py Comm?   #iter  T_p, Gflops        Linf, L2
@ 1800 1800    2 240      N     2000  0.114 1591    9.96750e-01 6.37431e-01
  -----
IBRUN WARNING: Your job will put more ranks on each node (30) than the cores physically available to each node (24)
Warning! : Core id 0 does not exist on this architecture! 
CPU Affinity is undefined 
Warning! : Core id 9 does not exist on this architecture! 
CPU Affinity is undefined 
Warning! : Core id 9 does not exist on this architecture! 
CPU Affinity is undefined 
Warning! : Core id 1 does not exist on this architecture! 
CPU Affinity is undefined 
Warning! : Core id 5 does not exist on this architecture! 
CPU Affinity is undefined 
Warning! : Core id 11 does not exist on this architecture! 
CPU Affinity is undefined 
Warning! : Core id 4 does not exist on this architecture! 
CPU Affinity is undefined 
Warning! : Core id 14 does not exist on this architecture! 
CPU Affinity is undefined 
Warning! : Core id 6 does not exist on this architecture! 
CPU Affinity is undefined 
Warning! : Core id 4 does not exist on this architecture! 
CPU Affinity is undefined 
Warning! : Core id 1 does not exist on this architecture! 
CPU Affinity is undefined 
Warning! : Core id 10 does not exist on this architecture! 
CPU Affinity is undefined 
Warning! : Core id 0 does not exist on this architecture! 
CPU Affinity is undefined 
Warning! : Core id 0 does not exist on this architecture! 
CPU Affinity is undefined 
Warning! : Core id 0 does not exist on this architecture! 
CPU Affinity is undefined 
Warning! : Core id 5 does not exist on this architecture! 
CPU Affinity is undefined 
Warning! : Core id 0 does not exist on this architecture! 
CPU Affinity is undefined 
Warning! : Core id 3 does not exist on this architecture! 
CPU Affinity is undefined 
Warning! : Core id 8 does not exist on this architecture! 
CPU Affinity is undefined 
Warning! : Core id 3 does not exist on this architecture! 
Warning! : Core id 13 does not exist on this architecture! 
CPU Affinity is undefined 
Warning! : Core id 9 does not exist on this architecture! 
CPU Affinity is undefined 
CPU Affinity is undefined 
Warning! : Core id 11 does not exist on this architecture! 
CPU Affinity is undefined 
Warning! : Core id 12 does not exist on this architecture! 
CPU Affinity is undefined 
Warning! : Core id 11 does not exist on this architecture! 
CPU Affinity is undefined 
Warning! : Core id 6 does not exist on this architecture! 
CPU Affinity is undefined 
Warning! : Core id 3 does not exist on this architecture! 
CPU Affinity is undefined 
Warning! : Core id 11 does not exist on this architecture! 
CPU Affinity is undefined 
Warning! : Core id 2 does not exist on this architecture! 
CPU Affinity is undefined 
Warning! : Core id 11 does not exist on this architecture! 
CPU Affinity is undefined 
Warning! : Core id 1 does not exist on this architecture! 
CPU Affinity is undefined 
Warning! : Core id 10 does not exist on this architecture! 
CPU Affinity is undefined 
Warning! : Core id 0 does not exist on this architecture! 
CPU Affinity is undefined 
Warning! : Core id 2 does not exist on this architecture! 
Warning! : Core id 3 does not exist on this architecture! 
CPU Affinity is undefined 
CPU Affinity is undefined 
Warning! : Core id 13 does not exist on this architecture! 
CPU Affinity is undefined 
Warning! : Core id 3 does not exist on this architecture! 
CPU Affinity is undefined 
Warning! : Core id 0 does not exist on this architecture! 
CPU Affinity is undefined 
Warning! : Core id 14 does not exist on this architecture! 
CPU Affinity is undefined 
Warning! : Core id 14 does not exist on this architecture! 
CPU Affinity is undefined 
Warning! : Core id 10 does not exist on this architecture! 
CPU Affinity is undefined 
Warning! : Core id 8 does not exist on this architecture! 
CPU Affinity is undefined 
Warning! : Core id 0 does not exist on this architecture! 
CPU Affinity is undefined 
Warning! : Core id 0 does not exist on this architecture! 
CPU Affinity is undefined 
Warning! : Core id 14 does not exist on this architecture! 
CPU Affinity is undefined 
Warning! : Core id 9 does not exist on this architecture! 
CPU Affinity is undefined 
Warning! : Core id 14 does not exist on this architecture! 
CPU Affinity is undefined 
Warning! : Core id 13 does not exist on this architecture! 
CPU Affinity is undefined 
Warning! : Core id 2 does not exist on this architecture! 
CPU Affinity is undefined 
Warning! : Core id 14 does not exist on this architecture! 
CPU Affinity is undefined 
Warning! : Core id 5 does not exist on this architecture! 
CPU Affinity is undefined 
Warning! : Core id 2 does not exist on this architecture! 
CPU Affinity is undefined 
Warning! : Core id 13 does not exist on this architecture! 
CPU Affinity is undefined 
Warning! : Core id 0 does not exist on this architecture! 
CPU Affinity is undefined 
Warning! : Core id 3 does not exist on this architecture! 
CPU Affinity is undefined 
Warning! : Core id 0 does not exist on this architecture! 
CPU Affinity is undefined 
Warning! : Core id 4 does not exist on this architecture! 
CPU Affinity is undefined 
Warning! : Core id 5 does not exist on this architecture! 
CPU Affinity is undefined 
Warning! : Core id 8 does not exist on this architecture! 
CPU Affinity is undefined 
Warning! : Core id 0 does not exist on this architecture! 
CPU Affinity is undefined 
Warning! : Core id 6 does not exist on this architecture! 
CPU Affinity is undefined 
Warning! : Core id 14 does not exist on this architecture! 
CPU Affinity is undefined 
Warning! : Core id 8 does not exist on this architecture! 
CPU Affinity is undefined 
Warning! : Core id 3 does not exist on this architecture! 
CPU Affinity is undefined 
Warning! : Core id 4 does not exist on this architecture! 
CPU Affinity is undefined 
Warning! : Core id 6 does not exist on this architecture! 
CPU Affinity is undefined 
Warning! : Core id 6 does not exist on this architecture! 
CPU Affinity is undefined 
Warning! : Core id 1 does not exist on this architecture! 
CPU Affinity is undefined 
Warning! : Core id 3 does not exist on this architecture! 
CPU Affinity is undefined 
Warning! : Core id 13 does not exist on this architecture! 
CPU Affinity is undefined 
Warning! : Core id 0 does not exist on this architecture! 
CPU Affinity is undefined 
Warning! : Core id 4 does not exist on this architecture! 
CPU Affinity is undefined 
Warning! : Core id 6 does not exist on this architecture! 
CPU Affinity is undefined 
Warning! : Core id 11 does not exist on this architecture! 
CPU Affinity is undefined 
Warning! : Core id 2 does not exist on this architecture! 
CPU Affinity is undefined 
Warning! : Core id 12 does not exist on this architecture! 
CPU Affinity is undefined 
Warning! : Core id 12 does not exist on this architecture! 
CPU Affinity is undefined 
Warning! : Core id 10 does not exist on this architecture! 
CPU Affinity is undefined 
Warning! : Core id 2 does not exist on this architecture! 
CPU Affinity is undefined 
Warning! : Core id 6 does not exist on this architecture! 
CPU Affinity is undefined 
Warning! : Core id 2 does not exist on this architecture! 
CPU Affinity is undefined 
Warning! : Core id 0 does not exist on this architecture! 
CPU Affinity is undefined 
Warning! : Core id 10 does not exist on this architecture! 
CPU Affinity is undefined 
Warning! : Core id 1 does not exist on this architecture! 
CPU Affinity is undefined 
Warning! : Core id 4 does not exist on this architecture! 
CPU Affinity is undefined 
Warning! : Core id 8 does not exist on this architecture! 
CPU Affinity is undefined 
Warning! : Core id 10 does not exist on this architecture! 
CPU Affinity is undefined 
Warning! : Core id 2 does not exist on this architecture! 
CPU Affinity is undefined 
Warning! : Core id 9 does not exist on this architecture! 
CPU Affinity is undefined 
Warning! : Core id 12 does not exist on this architecture! 
CPU Affinity is undefined 
Warning! : Core id 14 does not exist on this architecture! 
CPU Affinity is undefined 
Warning! : Core id 0 does not exist on this architecture! 
CPU Affinity is undefined 
Warning! : Core id 4 does not exist on this architecture! 
CPU Affinity is undefined 
Warning! : Core id 12 does not exist on this architecture! 
CPU Affinity is undefined 
Warning! : Core id 9 does not exist on this architecture! 
CPU Affinity is undefined 
Warning! : Core id 12 does not exist on this architecture! 
CPU Affinity is undefined 
Warning! : Core id 10 does not exist on this architecture! 
CPU Affinity is undefined 
Warning! : Core id 12 does not exist on this architecture! 
CPU Affinity is undefined 
Warning! : Core id 1 does not exist on this architecture! 
CPU Affinity is undefined 
Warning! : Core id 5 does not exist on this architecture! 
CPU Affinity is undefined 
Warning! : Core id 11 does not exist on this architecture! 
CPU Affinity is undefined 
Warning! : Core id 8 does not exist on this architecture! 
CPU Affinity is undefined 
Warning! : Core id 0 does not exist on this architecture! 
CPU Affinity is undefined 
Warning! : Core id 9 does not exist on this architecture! 
CPU Affinity is undefined 
Warning! : Core id 12 does not exist on this architecture! 
CPU Affinity is undefined 
Warning! : Core id 11 does not exist on this architecture! 
CPU Affinity is undefined 
Warning! : Core id 5 does not exist on this architecture! 
CPU Affinity is undefined 
Warning! : Core id 9 does not exist on this architecture! 
CPU Affinity is undefined 
Warning! : Core id 3 does not exist on this architecture! 
CPU Affinity is undefined 
Warning! : Core id 14 does not exist on this architecture! 
CPU Affinity is undefined 
Warning! : Core id 14 does not exist on this architecture! 
CPU Affinity is undefined 
Warning! : Core id 4 does not exist on this architecture! 
CPU Affinity is undefined 
Warning! : Core id 11 does not exist on this architecture! 
CPU Affinity is undefined 
Warning! : Core id 3 does not exist on this architecture! 
CPU Affinity is undefined 
Warning! : Core id 13 does not exist on this architecture! 
CPU Affinity is undefined 
Warning! : Core id 13 does not exist on this architecture! 
CPU Affinity is undefined 
Warning! : Core id 0 does not exist on this architecture! 
CPU Affinity is undefined 
Warning! : Core id 3 does not exist on this architecture! 
CPU Affinity is undefined 
Warning! : Core id 6 does not exist on this architecture! 
CPU Affinity is undefined 
Warning! : Core id 5 does not exist on this architecture! 
CPU Affinity is undefined 
Warning! : Core id 11 does not exist on this architecture! 
CPU Affinity is undefined 
Warning! : Core id 6 does not exist on this architecture! 
CPU Affinity is undefined 
Warning! : Core id 12 does not exist on this architecture! 
CPU Affinity is undefined 
Warning! : Core id 9 does not exist on this architecture! 
CPU Affinity is undefined 
Warning! : Core id 3 does not exist on this architecture! 
CPU Affinity is undefined 
Warning! : Core id 8 does not exist on this architecture! 
CPU Affinity is undefined 
Warning! : Core id 3 does not exist on this architecture! 
CPU Affinity is undefined 
Warning! : Core id 2 does not exist on this architecture! 
CPU Affinity is undefined 
Warning! : Core id 3 does not exist on this architecture! 
CPU Affinity is undefined 
Warning! : Core id 6 does not exist on this architecture! 
CPU Affinity is undefined 
Warning! : Core id 2 does not exist on this architecture! 
CPU Affinity is undefined 
Warning! : Core id 1 does not exist on this architecture! 
CPU Affinity is undefined 
Warning! : Core id 13 does not exist on this architecture! 
CPU Affinity is undefined 
Warning! : Core id 2 does not exist on this architecture! 
CPU Affinity is undefined 
Warning! : Core id 6 does not exist on this architecture! 
CPU Affinity is undefined 
Warning! : Core id 10 does not exist on this architecture! 
CPU Affinity is undefined 
Warning! : Core id 9 does not exist on this architecture! 
CPU Affinity is undefined 
Warning! : Core id 10 does not exist on this architecture! 
Warning! : Core id 3 does not exist on this architecture! 
CPU Affinity is undefined 
CPU Affinity is undefined 
Warning! : Core id 6 does not exist on this architecture! 
CPU Affinity is undefined 
Warning! : Core id 3 does not exist on this architecture! 
CPU Affinity is undefined 
Warning! : Core id 9 does not exist on this architecture! 
CPU Affinity is undefined 
Warning! : Core id 9 does not exist on this architecture! 
CPU Affinity is undefined 
Warning! : Core id 11 does not exist on this architecture! 
CPU Affinity is undefined 
Warning! : Core id 4 does not exist on this architecture! 
Warning! : Core id 1 does not exist on this architecture! 
CPU Affinity is undefined 
CPU Affinity is undefined 
Warning! : Core id 11 does not exist on this architecture! 
CPU Affinity is undefined 
Warning! : Core id 11 does not exist on this architecture! 
CPU Affinity is undefined 
Warning! : Core id 9 does not exist on this architecture! 
CPU Affinity is undefined 
Warning! : Core id 9 does not exist on this architecture! 
CPU Affinity is undefined 
Warning! : Core id 3 does not exist on this architecture! 
CPU Affinity is undefined 
Warning! : Core id 14 does not exist on this architecture! 
CPU Affinity is undefined 
Warning! : Core id 14 does not exist on this architecture! 
CPU Affinity is undefined 
Warning! : Core id 6 does not exist on this architecture! 
CPU Affinity is undefined 
Warning! : Core id 14 does not exist on this architecture! 
CPU Affinity is undefined 
Warning! : Core id 13 does not exist on this architecture! 
CPU Affinity is undefined 
Warning! : Core id 5 does not exist on this architecture! 
CPU Affinity is undefined 
Warning! : Core id 13 does not exist on this architecture! 
CPU Affinity is undefined 
Warning! : Core id 13 does not exist on this architecture! 
CPU Affinity is undefined 
Warning! : Core id 4 does not exist on this architecture! 
CPU Affinity is undefined 
Warning! : Core id 11 does not exist on this architecture! 
CPU Affinity is undefined 
Warning! : Core id 14 does not exist on this architecture! 
CPU Affinity is undefined 
Warning! : Core id 4 does not exist on this architecture! 
CPU Affinity is undefined 
Warning! : Core id 6 does not exist on this architecture! 
CPU Affinity is undefined 
Warning! : Core id 10 does not exist on this architecture! 
CPU Affinity is undefined 
Warning! : Core id 6 does not exist on this architecture! 
CPU Affinity is undefined 
Warning! : Core id 8 does not exist on this architecture! 
CPU Affinity is undefined 
Warning! : Core id 1 does not exist on this architecture! 
CPU Affinity is undefined 
Warning! : Core id 10 does not exist on this architecture! 
CPU Affinity is undefined 
Warning! : Core id 4 does not exist on this architecture! 
CPU Affinity is undefined 
Warning! : Core id 10 does not exist on this architecture! 
CPU Affinity is undefined 
Warning! : Core id 8 does not exist on this architecture! 
CPU Affinity is undefined 
Warning! : Core id 5 does not exist on this architecture! 
CPU Affinity is undefined 
Warning! : Core id 0 does not exist on this architecture! 
CPU Affinity is undefined 
Warning! : Core id 9 does not exist on this architecture! 
CPU Affinity is undefined 
Warning! : Core id 12 does not exist on this architecture! 
CPU Affinity is undefined 
Warning! : Core id 0 does not exist on this architecture! 
CPU Affinity is undefined 
Warning! : Core id 12 does not exist on this architecture! 
CPU Affinity is undefined 
Warning! : Core id 8 does not exist on this architecture! 
CPU Affinity is undefined 
Warning! : Core id 11 does not exist on this architecture! 
CPU Affinity is undefined 
Warning! : Core id 6 does not exist on this architecture! 
CPU Affinity is undefined 
Warning! : Core id 11 does not exist on this architecture! 
Warning! : Core id 2 does not exist on this architecture! 
CPU Affinity is undefined 
CPU Affinity is undefined 
Warning! : Core id 12 does not exist on this architecture! 
CPU Affinity is undefined 
Warning! : Core id 12 does not exist on this architecture! 
CPU Affinity is undefined 
Warning! : Core id 10 does not exist on this architecture! 
CPU Affinity is undefined 
Warning! : Core id 13 does not exist on this architecture! 
CPU Affinity is undefined 
Warning! : Core id 3 does not exist on this architecture! 
CPU Affinity is undefined 
Warning! : Core id 5 does not exist on this architecture! 
Warning! : Core id 6 does not exist on this architecture! 
CPU Affinity is undefined 
CPU Affinity is undefined 
Warning! : Core id 10 does not exist on this architecture! 
CPU Affinity is undefined 
Warning! : Core id 9 does not exist on this architecture! 
CPU Affinity is undefined 
Warning! : Core id 13 does not exist on this architecture! 
CPU Affinity is undefined 
Warning! : Core id 1 does not exist on this architecture! 
CPU Affinity is undefined 
Warning! : Core id 8 does not exist on this architecture! 
CPU Affinity is undefined 
Warning! : Core id 1 does not exist on this architecture! 
CPU Affinity is undefined 
Warning! : Core id 1 does not exist on this architecture! 
CPU Affinity is undefined 
Warning! : Core id 9 does not exist on this architecture! 
CPU Affinity is undefined 
Warning! : Core id 12 does not exist on this architecture! 
CPU Affinity is undefined 
Warning! : Core id 8 does not exist on this architecture! 
CPU Affinity is undefined 
Warning! : Core id 14 does not exist on this architecture! 
CPU Affinity is undefined 
Warning! : Core id 11 does not exist on this architecture! 
CPU Affinity is undefined 
Warning! : Core id 5 does not exist on this architecture! 
CPU Affinity is undefined 
Warning! : Core id 4 does not exist on this architecture! 
CPU Affinity is undefined 
Warning! : Core id 9 does not exist on this architecture! 
CPU Affinity is undefined 
Warning! : Core id 3 does not exist on this architecture! 
CPU Affinity is undefined 
Warning! : Core id 5 does not exist on this architecture! 
CPU Affinity is undefined 
Warning! : Core id 1 does not exist on this architecture! 
CPU Affinity is undefined 
Warning! : Core id 0 does not exist on this architecture! 
CPU Affinity is undefined 
Warning! : Core id 2 does not exist on this architecture! 
CPU Affinity is undefined 
Warning! : Core id 0 does not exist on this architecture! 
CPU Affinity is undefined 
Warning! : Core id 5 does not exist on this architecture! 
CPU Affinity is undefined 
Warning! : Core id 1 does not exist on this architecture! 
CPU Affinity is undefined 
Warning! : Core id 8 does not exist on this architecture! 
CPU Affinity is undefined 
Warning! : Core id 2 does not exist on this architecture! 
CPU Affinity is undefined 
Warning! : Core id 9 does not exist on this architecture! 
CPU Affinity is undefined 
Warning! : Core id 6 does not exist on this architecture! 
CPU Affinity is undefined 
Warning! : Core id 6 does not exist on this architecture! 
CPU Affinity is undefined 
Warning! : Core id 8 does not exist on this architecture! 
CPU Affinity is undefined 
Warning! : Core id 12 does not exist on this architecture! 
CPU Affinity is undefined 
Warning! : Core id 5 does not exist on this architecture! 
CPU Affinity is undefined 
Warning! : Core id 6 does not exist on this architecture! 
CPU Affinity is undefined 
Warning! : Core id 14 does not exist on this architecture! 
Warning! : Core id 2 does not exist on this architecture! 
CPU Affinity is undefined 
CPU Affinity is undefined 
Warning! : Core id 11 does not exist on this architecture! 
CPU Affinity is undefined 
Warning! : Core id 6 does not exist on this architecture! 
CPU Affinity is undefined 
Warning! : Core id 5 does not exist on this architecture! 
CPU Affinity is undefined 
Warning! : Core id 1 does not exist on this architecture! 
CPU Affinity is undefined 
Warning! : Core id 14 does not exist on this architecture! 
CPU Affinity is undefined 
Warning! : Core id 13 does not exist on this architecture! 
CPU Affinity is undefined 
Warning! : Core id 12 does not exist on this architecture! 
CPU Affinity is undefined 
Warning! : Core id 3 does not exist on this architecture! 
CPU Affinity is undefined 
Warning! : Core id 10 does not exist on this architecture! 
CPU Affinity is undefined 
Warning! : Core id 5 does not exist on this architecture! 
CPU Affinity is undefined 
Warning! : Core id 11 does not exist on this architecture! 
CPU Affinity is undefined 
Warning! : Core id 9 does not exist on this architecture! 
CPU Affinity is undefined 
Warning! : Core id 5 does not exist on this architecture! 
CPU Affinity is undefined 
Warning! : Core id 1 does not exist on this architecture! 
CPU Affinity is undefined 
Warning! : Core id 4 does not exist on this architecture! 
CPU Affinity is undefined 
Warning! : Core id 8 does not exist on this architecture! 
CPU Affinity is undefined 
Warning! : Core id 10 does not exist on this architecture! 
CPU Affinity is undefined 
Warning! : Core id 3 does not exist on this architecture! 
CPU Affinity is undefined 
Warning! : Core id 14 does not exist on this architecture! 
CPU Affinity is undefined 
Warning! : Core id 2 does not exist on this architecture! 
CPU Affinity is undefined 
Warning! : Core id 4 does not exist on this architecture! 
CPU Affinity is undefined 
Warning! : Core id 1 does not exist on this architecture! 
CPU Affinity is undefined 
Warning! : Core id 0 does not exist on this architecture! 
CPU Affinity is undefined 
Warning! : Core id 4 does not exist on this architecture! 
CPU Affinity is undefined 
Warning! : Core id 8 does not exist on this architecture! 
CPU Affinity is undefined 
Warning! : Core id 0 does not exist on this architecture! 
CPU Affinity is undefined 
Warning! : Core id 14 does not exist on this architecture! 
CPU Affinity is undefined 
Warning! : Core id 3 does not exist on this architecture! 
CPU Affinity is undefined 
Warning! : Core id 10 does not exist on this architecture! 
CPU Affinity is undefined 
Warning! : Core id 1 does not exist on this architecture! 
CPU Affinity is undefined 
Warning! : Core id 13 does not exist on this architecture! 
CPU Affinity is undefined 
Warning! : Core id 2 does not exist on this architecture! 
CPU Affinity is undefined 
Warning! : Core id 1 does not exist on this architecture! 
CPU Affinity is undefined 
Warning! : Core id 10 does not exist on this architecture! 
CPU Affinity is undefined 
Warning! : Core id 0 does not exist on this architecture! 
CPU Affinity is undefined 
Warning! : Core id 11 does not exist on this architecture! 
CPU Affinity is undefined 
Warning! : Core id 8 does not exist on this architecture! 
CPU Affinity is undefined 
Warning! : Core id 13 does not exist on this architecture! 
CPU Affinity is undefined 
Warning! : Core id 8 does not exist on this architecture! 
CPU Affinity is undefined 
Warning! : Core id 11 does not exist on this architecture! 
CPU Affinity is undefined 
Warning! : Core id 6 does not exist on this architecture! 
CPU Affinity is undefined 
Warning! : Core id 14 does not exist on this architecture! 
CPU Affinity is undefined 
Warning! : Core id 1 does not exist on this architecture! 
CPU Affinity is undefined 
Warning! : Core id 6 does not exist on this architecture! 
CPU Affinity is undefined 
Warning! : Core id 8 does not exist on this architecture! 
CPU Affinity is undefined 
Warning! : Core id 1 does not exist on this architecture! 
CPU Affinity is undefined 
Warning! : Core id 4 does not exist on this architecture! 
CPU Affinity is undefined 
Warning! : Core id 8 does not exist on this architecture! 
CPU Affinity is undefined 
Warning! : Core id 4 does not exist on this architecture! 
CPU Affinity is undefined 
Warning! : Core id 11 does not exist on this architecture! 
CPU Affinity is undefined 
Warning! : Core id 2 does not exist on this architecture! 
CPU Affinity is undefined 
Warning! : Core id 12 does not exist on this architecture! 
CPU Affinity is undefined 
Warning! : Core id 6 does not exist on this architecture! 
CPU Affinity is undefined 
Warning! : Core id 4 does not exist on this architecture! 
Warning! : Core id 11 does not exist on this architecture! 
CPU Affinity is undefined 
Warning! : Core id 6 does not exist on this architecture! 
CPU Affinity is undefined 
CPU Affinity is undefined 
Warning! : Core id 10 does not exist on this architecture! 
CPU Affinity is undefined 
Warning! : Core id 14 does not exist on this architecture! 
CPU Affinity is undefined 
Warning! : Core id 14 does not exist on this architecture! 
CPU Affinity is undefined 
Warning! : Core id 10 does not exist on this architecture! 
CPU Affinity is undefined 
Warning! : Core id 5 does not exist on this architecture! 
CPU Affinity is undefined 
Warning! : Core id 6 does not exist on this architecture! 
CPU Affinity is undefined 
Warning! : Core id 9 does not exist on this architecture! 
CPU Affinity is undefined 
Warning! : Core id 1 does not exist on this architecture! 
CPU Affinity is undefined 
Warning! : Core id 2 does not exist on this architecture! 
CPU Affinity is undefined 
Warning! : Core id 0 does not exist on this architecture! 
CPU Affinity is undefined 
Warning! : Core id 3 does not exist on this architecture! 
CPU Affinity is undefined 
Warning! : Core id 8 does not exist on this architecture! 
CPU Affinity is undefined 
Warning! : Core id 8 does not exist on this architecture! 
CPU Affinity is undefined 
Warning! : Core id 2 does not exist on this architecture! 
CPU Affinity is undefined 
Warning! : Core id 9 does not exist on this architecture! 
CPU Affinity is undefined 
Warning! : Core id 5 does not exist on this architecture! 
Warning! : Core id 10 does not exist on this architecture! 
CPU Affinity is undefined 
Warning! : Core id 12 does not exist on this architecture! 
CPU Affinity is undefined 
CPU Affinity is undefined 
Warning! : Core id 8 does not exist on this architecture! 
CPU Affinity is undefined 
Warning! : Core id 13 does not exist on this architecture! 
CPU Affinity is undefined 
Warning! : Core id 3 does not exist on this architecture! 
CPU Affinity is undefined 
Warning! : Core id 10 does not exist on this architecture! 
CPU Affinity is undefined 
Warning! : Core id 6 does not exist on this architecture! 
CPU Affinity is undefined 
Warning! : Core id 0 does not exist on this architecture! 
CPU Affinity is undefined 
Warning! : Core id 13 does not exist on this architecture! 
CPU Affinity is undefined 
Warning! : Core id 1 does not exist on this architecture! 
CPU Affinity is undefined 
Warning! : Core id 5 does not exist on this architecture! 
CPU Affinity is undefined 
Warning! : Core id 14 does not exist on this architecture! 
CPU Affinity is undefined 
Warning! : Core id 4 does not exist on this architecture! 
CPU Affinity is undefined 
Warning! : Core id 13 does not exist on this architecture! 
CPU Affinity is undefined 
Warning! : Core id 2 does not exist on this architecture! 
CPU Affinity is undefined 
Warning! : Core id 0 does not exist on this architecture! 
CPU Affinity is undefined 
Warning! : Core id 13 does not exist on this architecture! 
CPU Affinity is undefined 
Warning! : Core id 10 does not exist on this architecture! 
CPU Affinity is undefined 
Warning! : Core id 12 does not exist on this architecture! 
CPU Affinity is undefined 
Warning! : Core id 4 does not exist on this architecture! 
CPU Affinity is undefined 
Warning! : Core id 3 does not exist on this architecture! 
CPU Affinity is undefined 
Warning! : Core id 4 does not exist on this architecture! 
Warning! : Core id 2 does not exist on this architecture! 
CPU Affinity is undefined 
Warning! : Core id 9 does not exist on this architecture! 
Warning! : Core id 12 does not exist on this architecture! 
CPU Affinity is undefined 
CPU Affinity is undefined 
Warning! : Core id 11 does not exist on this architecture! 
CPU Affinity is undefined 
Warning! : Core id 12 does not exist on this architecture! 
Warning! : Core id 9 does not exist on this architecture! 
CPU Affinity is undefined 
CPU Affinity is undefined 
CPU Affinity is undefined 
Warning! : Core id 13 does not exist on this architecture! 
CPU Affinity is undefined 
Warning! : Core id 3 does not exist on this architecture! 
CPU Affinity is undefined 
Warning! : Core id 9 does not exist on this architecture! 
CPU Affinity is undefined 
Warning! : Core id 14 does not exist on this architecture! 
CPU Affinity is undefined 
Warning! : Core id 13 does not exist on this architecture! 
CPU Affinity is undefined 
Warning! : Core id 12 does not exist on this architecture! 
CPU Affinity is undefined 
Warning! : Core id 13 does not exist on this architecture! 
CPU Affinity is undefined 
Warning! : Core id 0 does not exist on this architecture! 
CPU Affinity is undefined 
Warning! : Core id 11 does not exist on this architecture! 
Warning! : Core id 2 does not exist on this architecture! 
CPU Affinity is undefined 
CPU Affinity is undefined 
Warning! : Core id 12 does not exist on this architecture! 
CPU Affinity is undefined 
Warning! : Core id 11 does not exist on this architecture! 
CPU Affinity is undefined 
Warning! : Core id 2 does not exist on this architecture! 
CPU Affinity is undefined 
Warning! : Core id 12 does not exist on this architecture! 
CPU Affinity is undefined 
Warning! : Core id 10 does not exist on this architecture! 
CPU Affinity is undefined 
Warning! : Core id 5 does not exist on this architecture! 
CPU Affinity is undefined 
Warning! : Core id 8 does not exist on this architecture! 
CPU Affinity is undefined 
Warning! : Core id 5 does not exist on this architecture! 
CPU Affinity is undefined 
Warning! : Core id 8 does not exist on this architecture! 
CPU Affinity is undefined 
Warning! : Core id 1 does not exist on this architecture! 
CPU Affinity is undefined 
Warning! : Core id 12 does not exist on this architecture! 
CPU Affinity is undefined 
Warning! : Core id 5 does not exist on this architecture! 
CPU Affinity is undefined 
Warning! : Core id 4 does not exist on this architecture! 
CPU Affinity is undefined 
Warning! : Core id 1 does not exist on this architecture! 
CPU Affinity is undefined 
Warning! : Core id 4 does not exist on this architecture! 
CPU Affinity is undefined 
Warning! : Core id 13 does not exist on this architecture! 
Warning! : Core id 4 does not exist on this architecture! 
CPU Affinity is undefined 
CPU Affinity is undefined 
Warning! : Core id 5 does not exist on this architecture! 
CPU Affinity is undefined 
Warning! : Core id 2 does not exist on this architecture! 
CPU Affinity is undefined 
Warning! : Core id 8 does not exist on this architecture! 
CPU Affinity is undefined 
Warning! : Core id 9 does not exist on this architecture! 
CPU Affinity is undefined 
Warning! : Core id 12 does not exist on this architecture! 
CPU Affinity is undefined 
Warning! : Core id 0 does not exist on this architecture! 
Warning! : Core id 9 does not exist on this architecture! 
CPU Affinity is undefined 
Warning! : Core id 12 does not exist on this architecture! 
CPU Affinity is undefined 
CPU Affinity is undefined 
Warning! : Core id 9 does not exist on this architecture! 
CPU Affinity is undefined 
Warning! : Core id 2 does not exist on this architecture! 
CPU Affinity is undefined 
Warning! : Core id 14 does not exist on this architecture! 
CPU Affinity is undefined 
Warning! : Core id 5 does not exist on this architecture! 
CPU Affinity is undefined 
Warning! : Core id 12 does not exist on this architecture! 
CPU Affinity is undefined 
Warning! : Core id 3 does not exist on this architecture! 
CPU Affinity is undefined 
Warning! : Core id 12 does not exist on this architecture! 
CPU Affinity is undefined 
Warning! : Core id 14 does not exist on this architecture! 
CPU Affinity is undefined 
Warning! : Core id 12 does not exist on this architecture! 
CPU Affinity is undefined 
Warning! : Core id 6 does not exist on this architecture! 
CPU Affinity is undefined 
Warning! : Core id 14 does not exist on this architecture! 
CPU Affinity is undefined 
Warning! : Core id 4 does not exist on this architecture! 
CPU Affinity is undefined 
Warning! : Core id 5 does not exist on this architecture! 
CPU Affinity is undefined 
Warning! : Core id 1 does not exist on this architecture! 
CPU Affinity is undefined 
Warning! : Core id 10 does not exist on this architecture! 
CPU Affinity is undefined 
Warning! : Core id 13 does not exist on this architecture! 
CPU Affinity is undefined 
Warning! : Core id 8 does not exist on this architecture! 
CPU Affinity is undefined 
Warning! : Core id 3 does not exist on this architecture! 
Warning! : Core id 14 does not exist on this architecture! 
CPU Affinity is undefined 
Warning! : Core id 13 does not exist on this architecture! 
CPU Affinity is undefined 
CPU Affinity is undefined 
Warning! : Core id 4 does not exist on this architecture! 
CPU Affinity is undefined 
Warning! : Core id 12 does not exist on this architecture! 
CPU Affinity is undefined 
Warning! : Core id 10 does not exist on this architecture! 
Warning! : Core id 11 does not exist on this architecture! 
CPU Affinity is undefined 
CPU Affinity is undefined 
Warning! : Core id 2 does not exist on this architecture! 
Warning! : Core id 5 does not exist on this architecture! 
CPU Affinity is undefined 
CPU Affinity is undefined 
Warning! : Core id 14 does not exist on this architecture! 
CPU Affinity is undefined 
Warning! : Core id 1 does not exist on this architecture! 
CPU Affinity is undefined 
Warning! : Core id 1 does not exist on this architecture! 
CPU Affinity is undefined 
Warning! : Core id 5 does not exist on this architecture! 
CPU Affinity is undefined 
Warning! : Core id 2 does not exist on this architecture! 
CPU Affinity is undefined 
Warning! : Core id 6 does not exist on this architecture! 
Warning! : Core id 10 does not exist on this architecture! 
CPU Affinity is undefined 
CPU Affinity is undefined 
Warning! : Core id 8 does not exist on this architecture! 
CPU Affinity is undefined 
Warning! : Core id 3 does not exist on this architecture! 
CPU Affinity is undefined 
Warning! : Core id 12 does not exist on this architecture! 
CPU Affinity is undefined 
Warning! : Core id 5 does not exist on this architecture! 
CPU Affinity is undefined 
Warning! : Core id 6 does not exist on this architecture! 
CPU Affinity is undefined 
Warning! : Core id 11 does not exist on this architecture! 
CPU Affinity is undefined 
Warning! : Core id 8 does not exist on this architecture! 
Warning! : Core id 1 does not exist on this architecture! 
CPU Affinity is undefined 
CPU Affinity is undefined 
Warning! : Core id 10 does not exist on this architecture! 
CPU Affinity is undefined 
Warning! : Core id 13 does not exist on this architecture! 
CPU Affinity is undefined 
Warning! : Core id 11 does not exist on this architecture! 
CPU Affinity is undefined 
Warning! : Core id 1 does not exist on this architecture! 
CPU Affinity is undefined 
Warning! : Core id 2 does not exist on this architecture! 
CPU Affinity is undefined 
Warning! : Core id 6 does not exist on this architecture! 
CPU Affinity is undefined 
Warning! : Core id 8 does not exist on this architecture! 
CPU Affinity is undefined 
Warning! : Core id 4 does not exist on this architecture! 
CPU Affinity is undefined 
Warning! : Core id 11 does not exist on this architecture! 
CPU Affinity is undefined 
Warning! : Core id 9 does not exist on this architecture! 
CPU Affinity is undefined 
Warning! : Core id 3 does not exist on this architecture! 
CPU Affinity is undefined 
Warning! : Core id 14 does not exist on this architecture! 
Warning! : Core id 10 does not exist on this architecture! 
CPU Affinity is undefined 
Warning! : Core id 2 does not exist on this architecture! 
CPU Affinity is undefined 
Warning! : Core id 3 does not exist on this architecture! 
CPU Affinity is undefined 
CPU Affinity is undefined 
Warning! : Core id 11 does not exist on this architecture! 
Warning! : Core id 4 does not exist on this architecture! 
CPU Affinity is undefined 
CPU Affinity is undefined 
Warning! : Core id 13 does not exist on this architecture! 
CPU Affinity is undefined 
Warning! : Core id 10 does not exist on this architecture! 
CPU Affinity is undefined 
Warning! : Core id 5 does not exist on this architecture! 
CPU Affinity is undefined 
Warning! : Core id 1 does not exist on this architecture! 
CPU Affinity is undefined 
Warning! : Core id 9 does not exist on this architecture! 
CPU Affinity is undefined 
Warning! : Core id 11 does not exist on this architecture! 
CPU Affinity is undefined 
Warning! : Core id 0 does not exist on this architecture! 
CPU Affinity is undefined 
Warning! : Core id 9 does not exist on this architecture! 
CPU Affinity is undefined 
Warning! : Core id 13 does not exist on this architecture! 
CPU Affinity is undefined 
Warning! : Core id 6 does not exist on this architecture! 
CPU Affinity is undefined 
Warning! : Core id 5 does not exist on this architecture! 
Warning! : Core id 4 does not exist on this architecture! 
CPU Affinity is undefined 
Warning! : Core id 8 does not exist on this architecture! 
CPU Affinity is undefined 
CPU Affinity is undefined 
Warning! : Core id 13 does not exist on this architecture! 
CPU Affinity is undefined 
Warning! : Core id 2 does not exist on this architecture! 
CPU Affinity is undefined 
Warning! : Core id 4 does not exist on this architecture! 
CPU Affinity is undefined 
Warning! : Core id 10 does not exist on this architecture! 
CPU Affinity is undefined 
Warning! : Core id 13 does not exist on this architecture! 
Warning! : Core id 1 does not exist on this architecture! 
CPU Affinity is undefined 
CPU Affinity is undefined 
Warning! : Core id 8 does not exist on this architecture! 
CPU Affinity is undefined 
Warning! : Core id 14 does not exist on this architecture! 
CPU Affinity is undefined 
Warning! : Core id 2 does not exist on this architecture! 
CPU Affinity is undefined 
Warning! : Core id 10 does not exist on this architecture! 
Warning! : Core id 4 does not exist on this architecture! 
CPU Affinity is undefined 
Warning! : Core id 3 does not exist on this architecture! 
CPU Affinity is undefined 
Warning! : Core id 5 does not exist on this architecture! 
CPU Affinity is undefined 
Warning! : Core id 0 does not exist on this architecture! 
CPU Affinity is undefined 
CPU Affinity is undefined 
Warning! : Core id 13 does not exist on this architecture! 
CPU Affinity is undefined 
Warning! : Core id 14 does not exist on this architecture! 
CPU Affinity is undefined 
Warning! : Core id 0 does not exist on this architecture! 
CPU Affinity is undefined 
Warning! : Core id 9 does not exist on this architecture! 
CPU Affinity is undefined 

[Simulation begins] Sat Dec  2 21:06:46 2017

dt= 0.00144443, # iters = 2000
m x n = 1800 x 1800
processor geometry: 2 x 480

Compiled with MPI ENABLED
Communication shut off

[Simulation completes] Sat Dec  2 21:06:46 2017

End at iteration 1999
Max norm: 9.96750e-01, L2norm: 6.37382e-01
Running Time: 0.164484 sec. [1.1e+03 GFlop/sec]

   M x N   px x py Comm?   #iter  T_p, Gflops        Linf, L2
@ 1800 1800    2 480      N     2000  0.1645 1103    9.96750e-01 6.37382e-01
  -----
IBRUN WARNING: Your job will put more ranks on each node (32) than the cores physically available to each node (24)
Warning! : Core id 12 does not exist on this architecture! 
CPU Affinity is undefined 
Warning! : Core id 13 does not exist on this architecture! 
CPU Affinity is undefined 
Warning! : Core id 14 does not exist on this architecture! 
CPU Affinity is undefined 
Warning! : Core id 4 does not exist on this architecture! 
CPU Affinity is undefined 
Warning! : Core id 2 does not exist on this architecture! 
CPU Affinity is undefined 
Warning! : Core id 8 does not exist on this architecture! 
CPU Affinity is undefined 
Warning! : Core id 12 does not exist on this architecture! 
Warning! : Core id 1 does not exist on this architecture! 
CPU Affinity is undefined 
Warning! : Core id 10 does not exist on this architecture! 
CPU Affinity is undefined 
Warning! : Core id 0 does not exist on this architecture! 
CPU Affinity is undefined 
CPU Affinity is undefined 
Warning! : Core id 7 does not exist on this architecture! 
CPU Affinity is undefined 
Warning! : Core id 5 does not exist on this architecture! 
CPU Affinity is undefined 
Warning! : Core id 2 does not exist on this architecture! 
CPU Affinity is undefined 
Warning! : Core id 11 does not exist on this architecture! 
CPU Affinity is undefined 
Warning! : Core id 11 does not exist on this architecture! 
CPU Affinity is undefined 
Warning! : Core id 3 does not exist on this architecture! 
Warning! : Core id 5 does not exist on this architecture! 
CPU Affinity is undefined 
Warning! : Core id 12 does not exist on this architecture! 
CPU Affinity is undefined 
CPU Affinity is undefined 
Warning! : Core id 11 does not exist on this architecture! 
CPU Affinity is undefined 
Warning! : Core id 4 does not exist on this architecture! 
CPU Affinity is undefined 
Warning! : Core id 10 does not exist on this architecture! 
CPU Affinity is undefined 
Warning! : Core id 4 does not exist on this architecture! 
CPU Affinity is undefined 
Warning! : Core id 0 does not exist on this architecture! 
CPU Affinity is undefined 
Warning! : Core id 5 does not exist on this architecture! 
CPU Affinity is undefined 
Warning! : Core id 12 does not exist on this architecture! 
CPU Affinity is undefined 
Warning! : Core id 10 does not exist on this architecture! 
CPU Affinity is undefined 
Warning! : Core id 0 does not exist on this architecture! 
CPU Affinity is undefined 
Warning! : Core id 4 does not exist on this architecture! 
CPU Affinity is undefined 
Warning! : Core id 13 does not exist on this architecture! 
CPU Affinity is undefined 
Warning! : Core id 0 does not exist on this architecture! 
CPU Affinity is undefined 
Warning! : Core id 8 does not exist on this architecture! 
Warning! : Core id 14 does not exist on this architecture! 
CPU Affinity is undefined 
Warning! : Core id 9 does not exist on this architecture! 
CPU Affinity is undefined 
Warning! : Core id 4 does not exist on this architecture! 
CPU Affinity is undefined 
CPU Affinity is undefined 
Warning! : Core id 9 does not exist on this architecture! 
CPU Affinity is undefined 
Warning! : Core id 1 does not exist on this architecture! 
CPU Affinity is undefined 
Warning! : Core id 2 does not exist on this architecture! 
CPU Affinity is undefined 
Warning! : Core id 6 does not exist on this architecture! 
CPU Affinity is undefined 
Warning! : Core id 4 does not exist on this architecture! 
CPU Affinity is undefined 
Warning! : Core id 11 does not exist on this architecture! 
CPU Affinity is undefined 
Warning! : Core id 3 does not exist on this architecture! 
CPU Affinity is undefined 
Warning! : Core id 1 does not exist on this architecture! 
CPU Affinity is undefined 
Warning! : Core id 7 does not exist on this architecture! 
CPU Affinity is undefined 
Warning! : Core id 2 does not exist on this architecture! 
CPU Affinity is undefined 
Warning! : Core id 5 does not exist on this architecture! 
CPU Affinity is undefined 
Warning! : Core id 2 does not exist on this architecture! 
CPU Affinity is undefined 
Warning! : Core id 8 does not exist on this architecture! 
CPU Affinity is undefined 
Warning! : Core id 2 does not exist on this architecture! 
CPU Affinity is undefined 
Warning! : Core id 1 does not exist on this architecture! 
CPU Affinity is undefined 
Warning! : Core id 14 does not exist on this architecture! 
CPU Affinity is undefined 
Warning! : Core id 8 does not exist on this architecture! 
CPU Affinity is undefined 
Warning! : Core id 0 does not exist on this architecture! 
CPU Affinity is undefined 
Warning! : Core id 9 does not exist on this architecture! 
CPU Affinity is undefined 
Warning! : Core id 14 does not exist on this architecture! 
CPU Affinity is undefined 
Warning! : Core id 3 does not exist on this architecture! 
CPU Affinity is undefined 
Warning! : Core id 6 does not exist on this architecture! 
CPU Affinity is undefined 
Warning! : Core id 10 does not exist on this architecture! 
CPU Affinity is undefined 
Warning! : Core id 5 does not exist on this architecture! 
CPU Affinity is undefined 
Warning! : Core id 14 does not exist on this architecture! 
CPU Affinity is undefined 
Warning! : Core id 13 does not exist on this architecture! 
CPU Affinity is undefined 
Warning! : Core id 9 does not exist on this architecture! 
CPU Affinity is undefined 
Warning! : Core id 6 does not exist on this architecture! 
CPU Affinity is undefined 
Warning! : Core id 0 does not exist on this architecture! 
CPU Affinity is undefined 
Warning! : Core id 2 does not exist on this architecture! 
CPU Affinity is undefined 
Warning! : Core id 7 does not exist on this architecture! 
CPU Affinity is undefined 
Warning! : Core id 9 does not exist on this architecture! 
CPU Affinity is undefined 
Warning! : Core id 5 does not exist on this architecture! 
Warning! : Core id 4 does not exist on this architecture! 
CPU Affinity is undefined 
CPU Affinity is undefined 
Warning! : Core id 5 does not exist on this architecture! 
CPU Affinity is undefined 
Warning! : Core id 14 does not exist on this architecture! 
CPU Affinity is undefined 
Warning! : Core id 13 does not exist on this architecture! 
CPU Affinity is undefined 
Warning! : Core id 9 does not exist on this architecture! 
CPU Affinity is undefined 
Warning! : Core id 3 does not exist on this architecture! 
CPU Affinity is undefined 
Warning! : Core id 9 does not exist on this architecture! 
CPU Affinity is undefined 
Warning! : Core id 3 does not exist on this architecture! 
CPU Affinity is undefined 
Warning! : Core id 8 does not exist on this architecture! 
CPU Affinity is undefined 
Warning! : Core id 1 does not exist on this architecture! 
CPU Affinity is undefined 
Warning! : Core id 8 does not exist on this architecture! 
CPU Affinity is undefined 
Warning! : Core id 1 does not exist on this architecture! 
CPU Affinity is undefined 
Warning! : Core id 13 does not exist on this architecture! 
CPU Affinity is undefined 
Warning! : Core id 10 does not exist on this architecture! 
CPU Affinity is undefined 
Warning! : Core id 12 does not exist on this architecture! 
CPU Affinity is undefined 
Warning! : Core id 7 does not exist on this architecture! 
CPU Affinity is undefined 
Warning! : Core id 1 does not exist on this architecture! 
CPU Affinity is undefined 
Warning! : Core id 10 does not exist on this architecture! 
Warning! : Core id 1 does not exist on this architecture! 
CPU Affinity is undefined 
CPU Affinity is undefined 
Warning! : Core id 5 does not exist on this architecture! 
CPU Affinity is undefined 
Warning! : Core id 3 does not exist on this architecture! 
CPU Affinity is undefined 
Warning! : Core id 8 does not exist on this architecture! 
CPU Affinity is undefined 
Warning! : Core id 14 does not exist on this architecture! 
Warning! : Core id 14 does not exist on this architecture! 
CPU Affinity is undefined 
Warning! : Core id 6 does not exist on this architecture! 
CPU Affinity is undefined 
CPU Affinity is undefined 
Warning! : Core id 8 does not exist on this architecture! 
Warning! : Core id 6 does not exist on this architecture! 
CPU Affinity is undefined 
Warning! : Core id 1 does not exist on this architecture! 
CPU Affinity is undefined 
CPU Affinity is undefined 
Warning! : Core id 0 does not exist on this architecture! 
CPU Affinity is undefined 
Warning! : Core id 7 does not exist on this architecture! 
CPU Affinity is undefined 
Warning! : Core id 4 does not exist on this architecture! 
CPU Affinity is undefined 
Warning! : Core id 12 does not exist on this architecture! 
CPU Affinity is undefined 
Warning! : Core id 12 does not exist on this architecture! 
CPU Affinity is undefined 
Warning! : Core id 6 does not exist on this architecture! 
CPU Affinity is undefined 
Warning! : Core id 13 does not exist on this architecture! 
CPU Affinity is undefined 
Warning! : Core id 6 does not exist on this architecture! 
CPU Affinity is undefined 
Warning! : Core id 8 does not exist on this architecture! 
CPU Affinity is undefined 
Warning! : Core id 3 does not exist on this architecture! 
CPU Affinity is undefined 
Warning! : Core id 2 does not exist on this architecture! 
CPU Affinity is undefined 
Warning! : Core id 4 does not exist on this architecture! 
CPU Affinity is undefined 
Warning! : Core id 11 does not exist on this architecture! 
CPU Affinity is undefined 
Warning! : Core id 7 does not exist on this architecture! 
CPU Affinity is undefined 
Warning! : Core id 0 does not exist on this architecture! 
CPU Affinity is undefined 
Warning! : Core id 1 does not exist on this architecture! 
CPU Affinity is undefined 
Warning! : Core id 8 does not exist on this architecture! 
Warning! : Core id 13 does not exist on this architecture! 
CPU Affinity is undefined 
Warning! : Core id 13 does not exist on this architecture! 
CPU Affinity is undefined 
CPU Affinity is undefined 
Warning! : Core id 4 does not exist on this architecture! 
CPU Affinity is undefined 
Warning! : Core id 4 does not exist on this architecture! 
CPU Affinity is undefined 
Warning! : Core id 12 does not exist on this architecture! 
CPU Affinity is undefined 
Warning! : Core id 4 does not exist on this architecture! 
CPU Affinity is undefined 
Warning! : Core id 0 does not exist on this architecture! 
CPU Affinity is undefined 
Warning! : Core id 4 does not exist on this architecture! 
CPU Affinity is undefined 
Warning! : Core id 5 does not exist on this architecture! 
CPU Affinity is undefined 
Warning! : Core id 4 does not exist on this architecture! 
CPU Affinity is undefined 
Warning! : Core id 6 does not exist on this architecture! 
CPU Affinity is undefined 
Warning! : Core id 10 does not exist on this architecture! 
CPU Affinity is undefined 
Warning! : Core id 13 does not exist on this architecture! 
CPU Affinity is undefined 
Warning! : Core id 3 does not exist on this architecture! 
CPU Affinity is undefined 
Warning! : Core id 9 does not exist on this architecture! 
CPU Affinity is undefined 
Warning! : Core id 5 does not exist on this architecture! 
CPU Affinity is undefined 
Warning! : Core id 1 does not exist on this architecture! 
CPU Affinity is undefined 
Warning! : Core id 8 does not exist on this architecture! 
CPU Affinity is undefined 
Warning! : Core id 6 does not exist on this architecture! 
CPU Affinity is undefined 
Warning! : Core id 12 does not exist on this architecture! 
CPU Affinity is undefined 
Warning! : Core id 0 does not exist on this architecture! 
Warning! : Core id 12 does not exist on this architecture! 
CPU Affinity is undefined 
Warning! : Core id 14 does not exist on this architecture! 
CPU Affinity is undefined 
Warning! : Core id 4 does not exist on this architecture! 
CPU Affinity is undefined 
Warning! : Core id 10 does not exist on this architecture! 
CPU Affinity is undefined 
CPU Affinity is undefined 
Warning! : Core id 5 does not exist on this architecture! 
CPU Affinity is undefined 
Warning! : Core id 11 does not exist on this architecture! 
CPU Affinity is undefined 
Warning! : Core id 7 does not exist on this architecture! 
CPU Affinity is undefined 
Warning! : Core id 14 does not exist on this architecture! 
CPU Affinity is undefined 
Warning! : Core id 9 does not exist on this architecture! 
CPU Affinity is undefined 
Warning! : Core id 2 does not exist on this architecture! 
CPU Affinity is undefined 
Warning! : Core id 14 does not exist on this architecture! 
CPU Affinity is undefined 
Warning! : Core id 6 does not exist on this architecture! 
CPU Affinity is undefined 
Warning! : Core id 13 does not exist on this architecture! 
CPU Affinity is undefined 
Warning! : Core id 14 does not exist on this architecture! 
CPU Affinity is undefined 
Warning! : Core id 2 does not exist on this architecture! 
CPU Affinity is undefined 
Warning! : Core id 7 does not exist on this architecture! 
CPU Affinity is undefined 
Warning! : Core id 11 does not exist on this architecture! 
CPU Affinity is undefined 
Warning! : Core id 14 does not exist on this architecture! 
CPU Affinity is undefined 
Warning! : Core id 14 does not exist on this architecture! 
CPU Affinity is undefined 
Warning! : Core id 3 does not exist on this architecture! 
CPU Affinity is undefined 
Warning! : Core id 12 does not exist on this architecture! 
CPU Affinity is undefined 
Warning! : Core id 3 does not exist on this architecture! 
Warning! : Core id 0 does not exist on this architecture! 
CPU Affinity is undefined 
Warning! : Core id 3 does not exist on this architecture! 
CPU Affinity is undefined 
CPU Affinity is undefined 
Warning! : Core id 12 does not exist on this architecture! 
CPU Affinity is undefined 
Warning! : Core id 11 does not exist on this architecture! 
CPU Affinity is undefined 
Warning! : Core id 9 does not exist on this architecture! 
CPU Affinity is undefined 
Warning! : Core id 10 does not exist on this architecture! 
CPU Affinity is undefined 
Warning! : Core id 5 does not exist on this architecture! 
CPU Affinity is undefined 
Warning! : Core id 6 does not exist on this architecture! 
CPU Affinity is undefined 
Warning! : Core id 1 does not exist on this architecture! 
CPU Affinity is undefined 
Warning! : Core id 11 does not exist on this architecture! 
CPU Affinity is undefined 
Warning! : Core id 5 does not exist on this architecture! 
CPU Affinity is undefined 
Warning! : Core id 8 does not exist on this architecture! 
CPU Affinity is undefined 
Warning! : Core id 7 does not exist on this architecture! 
Warning! : Core id 10 does not exist on this architecture! 
CPU Affinity is undefined 
CPU Affinity is undefined 
Warning! : Core id 3 does not exist on this architecture! 
CPU Affinity is undefined 
Warning! : Core id 8 does not exist on this architecture! 
Warning! : Core id 2 does not exist on this architecture! 
CPU Affinity is undefined 
Warning! : Core id 14 does not exist on this architecture! 
CPU Affinity is undefined 
Warning! : Core id 11 does not exist on this architecture! 
CPU Affinity is undefined 
CPU Affinity is undefined 
Warning! : Core id 10 does not exist on this architecture! 
CPU Affinity is undefined 
Warning! : Core id 1 does not exist on this architecture! 
CPU Affinity is undefined 
Warning! : Core id 13 does not exist on this architecture! 
CPU Affinity is undefined 
Warning! : Core id 7 does not exist on this architecture! 
CPU Affinity is undefined 
Warning! : Core id 12 does not exist on this architecture! 
CPU Affinity is undefined 
Warning! : Core id 5 does not exist on this architecture! 
CPU Affinity is undefined 
Warning! : Core id 4 does not exist on this architecture! 
CPU Affinity is undefined 
Warning! : Core id 12 does not exist on this architecture! 
CPU Affinity is undefined 
Warning! : Core id 13 does not exist on this architecture! 
CPU Affinity is undefined 
Warning! : Core id 12 does not exist on this architecture! 
CPU Affinity is undefined 
Warning! : Core id 12 does not exist on this architecture! 
CPU Affinity is undefined 
Warning! : Core id 13 does not exist on this architecture! 
CPU Affinity is undefined 
Warning! : Core id 7 does not exist on this architecture! 
CPU Affinity is undefined 
Warning! : Core id 5 does not exist on this architecture! 
CPU Affinity is undefined 
Warning! : Core id 10 does not exist on this architecture! 
CPU Affinity is undefined 
Warning! : Core id 11 does not exist on this architecture! 
CPU Affinity is undefined 
Warning! : Core id 0 does not exist on this architecture! 
CPU Affinity is undefined 
Warning! : Core id 11 does not exist on this architecture! 
CPU Affinity is undefined 
Warning! : Core id 7 does not exist on this architecture! 
CPU Affinity is undefined 
Warning! : Core id 10 does not exist on this architecture! 
CPU Affinity is undefined 
Warning! : Core id 0 does not exist on this architecture! 
CPU Affinity is undefined 
Warning! : Core id 10 does not exist on this architecture! 
CPU Affinity is undefined 
Warning! : Core id 10 does not exist on this architecture! 
CPU Affinity is undefined 
Warning! : Core id 9 does not exist on this architecture! 
CPU Affinity is undefined 
Warning! : Core id 6 does not exist on this architecture! 
CPU Affinity is undefined 
Warning! : Core id 2 does not exist on this architecture! 
CPU Affinity is undefined 
Warning! : Core id 2 does not exist on this architecture! 
CPU Affinity is undefined 
Warning! : Core id 7 does not exist on this architecture! 
CPU Affinity is undefined 
Warning! : Core id 0 does not exist on this architecture! 
CPU Affinity is undefined 
Warning! : Core id 14 does not exist on this architecture! 
Warning! : Core id 3 does not exist on this architecture! 
CPU Affinity is undefined 
CPU Affinity is undefined 
Warning! : Core id 3 does not exist on this architecture! 
CPU Affinity is undefined 
Warning! : Core id 9 does not exist on this architecture! 
CPU Affinity is undefined 
Warning! : Core id 4 does not exist on this architecture! 
CPU Affinity is undefined 
Warning! : Core id 13 does not exist on this architecture! 
CPU Affinity is undefined 
Warning! : Core id 6 does not exist on this architecture! 
CPU Affinity is undefined 
Warning! : Core id 8 does not exist on this architecture! 
CPU Affinity is undefined 
Warning! : Core id 0 does not exist on this architecture! 
CPU Affinity is undefined 
Warning! : Core id 0 does not exist on this architecture! 
CPU Affinity is undefined 
Warning! : Core id 2 does not exist on this architecture! 
CPU Affinity is undefined 
Warning! : Core id 9 does not exist on this architecture! 
CPU Affinity is undefined 
Warning! : Core id 3 does not exist on this architecture! 
CPU Affinity is undefined 
Warning! : Core id 13 does not exist on this architecture! 
CPU Affinity is undefined 
Warning! : Core id 10 does not exist on this architecture! 
CPU Affinity is undefined 
Warning! : Core id 8 does not exist on this architecture! 
CPU Affinity is undefined 
Warning! : Core id 1 does not exist on this architecture! 
Warning! : Core id 7 does not exist on this architecture! 
CPU Affinity is undefined 
CPU Affinity is undefined 
Warning! : Core id 9 does not exist on this architecture! 
Warning! : Core id 11 does not exist on this architecture! 
CPU Affinity is undefined 
Warning! : Core id 8 does not exist on this architecture! 
CPU Affinity is undefined 
CPU Affinity is undefined 
Warning! : Core id 1 does not exist on this architecture! 
CPU Affinity is undefined 
Warning! : Core id 2 does not exist on this architecture! 
CPU Affinity is undefined 
Warning! : Core id 14 does not exist on this architecture! 
CPU Affinity is undefined 
Warning! : Core id 1 does not exist on this architecture! 
CPU Affinity is undefined 
Warning! : Core id 2 does not exist on this architecture! 
Warning! : Core id 10 does not exist on this architecture! 
CPU Affinity is undefined 
CPU Affinity is undefined 
Warning! : Core id 4 does not exist on this architecture! 
CPU Affinity is undefined 
Warning! : Core id 1 does not exist on this architecture! 
CPU Affinity is undefined 
Warning! : Core id 7 does not exist on this architecture! 
CPU Affinity is undefined 
Warning! : Core id 2 does not exist on this architecture! 
CPU Affinity is undefined 
Warning! : Core id 4 does not exist on this architecture! 
CPU Affinity is undefined 
Warning! : Core id 12 does not exist on this architecture! 
CPU Affinity is undefined 
Warning! : Core id 13 does not exist on this architecture! 
CPU Affinity is undefined 
Warning! : Core id 6 does not exist on this architecture! 
CPU Affinity is undefined 
Warning! : Core id 1 does not exist on this architecture! 
CPU Affinity is undefined 
Warning! : Core id 6 does not exist on this architecture! 
CPU Affinity is undefined 
Warning! : Core id 1 does not exist on this architecture! 
CPU Affinity is undefined 
Warning! : Core id 4 does not exist on this architecture! 
CPU Affinity is undefined 
Warning! : Core id 6 does not exist on this architecture! 
CPU Affinity is undefined 
Warning! : Core id 2 does not exist on this architecture! 
CPU Affinity is undefined 
Warning! : Core id 4 does not exist on this architecture! 
CPU Affinity is undefined 
Warning! : Core id 3 does not exist on this architecture! 
CPU Affinity is undefined 
Warning! : Core id 10 does not exist on this architecture! 
CPU Affinity is undefined 
Warning! : Core id 10 does not exist on this architecture! 
CPU Affinity is undefined 
Warning! : Core id 8 does not exist on this architecture! 
CPU Affinity is undefined 
Warning! : Core id 6 does not exist on this architecture! 
Warning! : Core id 0 does not exist on this architecture! 
CPU Affinity is undefined 
Warning! : Core id 3 does not exist on this architecture! 
CPU Affinity is undefined 
CPU Affinity is undefined 
Warning! : Core id 9 does not exist on this architecture! 
CPU Affinity is undefined 
Warning! : Core id 7 does not exist on this architecture! 
CPU Affinity is undefined 
Warning! : Core id 14 does not exist on this architecture! 
CPU Affinity is undefined 
Warning! : Core id 4 does not exist on this architecture! 
CPU Affinity is undefined 
Warning! : Core id 6 does not exist on this architecture! 
CPU Affinity is undefined 
Warning! : Core id 13 does not exist on this architecture! 
CPU Affinity is undefined 
Warning! : Core id 9 does not exist on this architecture! 
CPU Affinity is undefined 
Warning! : Core id 13 does not exist on this architecture! 
CPU Affinity is undefined 
Warning! : Core id 3 does not exist on this architecture! 
CPU Affinity is undefined 
Warning! : Core id 12 does not exist on this architecture! 
CPU Affinity is undefined 
Warning! : Core id 0 does not exist on this architecture! 
CPU Affinity is undefined 
Warning! : Core id 7 does not exist on this architecture! 
CPU Affinity is undefined 
Warning! : Core id 4 does not exist on this architecture! 
CPU Affinity is undefined 
Warning! : Core id 8 does not exist on this architecture! 
CPU Affinity is undefined 
Warning! : Core id 2 does not exist on this architecture! 
CPU Affinity is undefined 
Warning! : Core id 3 does not exist on this architecture! 
CPU Affinity is undefined 
Warning! : Core id 11 does not exist on this architecture! 
CPU Affinity is undefined 
Warning! : Core id 9 does not exist on this architecture! 
CPU Affinity is undefined 
Warning! : Core id 13 does not exist on this architecture! 
CPU Affinity is undefined 
Warning! : Core id 12 does not exist on this architecture! 
CPU Affinity is undefined 
Warning! : Core id 1 does not exist on this architecture! 
CPU Affinity is undefined 
Warning! : Core id 10 does not exist on this architecture! 
CPU Affinity is undefined 
Warning! : Core id 5 does not exist on this architecture! 
CPU Affinity is undefined 
Warning! : Core id 11 does not exist on this architecture! 
CPU Affinity is undefined 
Warning! : Core id 12 does not exist on this architecture! 
CPU Affinity is undefined 
Warning! : Core id 8 does not exist on this architecture! 
CPU Affinity is undefined 
Warning! : Core id 7 does not exist on this architecture! 
CPU Affinity is undefined 
Warning! : Core id 12 does not exist on this architecture! 
CPU Affinity is undefined 
Warning! : Core id 13 does not exist on this architecture! 
Warning! : Core id 6 does not exist on this architecture! 
CPU Affinity is undefined 
CPU Affinity is undefined 
Warning! : Core id 11 does not exist on this architecture! 
CPU Affinity is undefined 
Warning! : Core id 11 does not exist on this architecture! 
CPU Affinity is undefined 
Warning! : Core id 11 does not exist on this architecture! 
CPU Affinity is undefined 
Warning! : Core id 12 does not exist on this architecture! 
CPU Affinity is undefined 
Warning! : Core id 1 does not exist on this architecture! 
CPU Affinity is undefined 
Warning! : Core id 4 does not exist on this architecture! 
CPU Affinity is undefined 
Warning! : Core id 10 does not exist on this architecture! 
CPU Affinity is undefined 
Warning! : Core id 14 does not exist on this architecture! 
CPU Affinity is undefined 
Warning! : Core id 7 does not exist on this architecture! 
CPU Affinity is undefined 
Warning! : Core id 12 does not exist on this architecture! 
CPU Affinity is undefined 
Warning! : Core id 1 does not exist on this architecture! 
CPU Affinity is undefined 
Warning! : Core id 10 does not exist on this architecture! 
CPU Affinity is undefined 
Warning! : Core id 8 does not exist on this architecture! 
CPU Affinity is undefined 
Warning! : Core id 3 does not exist on this architecture! 
CPU Affinity is undefined 
Warning! : Core id 5 does not exist on this architecture! 
CPU Affinity is undefined 
Warning! : Core id 11 does not exist on this architecture! 
CPU Affinity is undefined 
Warning! : Core id 3 does not exist on this architecture! 
CPU Affinity is undefined 
Warning! : Core id 13 does not exist on this architecture! 
CPU Affinity is undefined 
Warning! : Core id 13 does not exist on this architecture! 
CPU Affinity is undefined 
Warning! : Core id 0 does not exist on this architecture! 
CPU Affinity is undefined 
Warning! : Core id 8 does not exist on this architecture! 
CPU Affinity is undefined 
Warning! : Core id 3 does not exist on this architecture! 
CPU Affinity is undefined 
Warning! : Core id 7 does not exist on this architecture! 
CPU Affinity is undefined 
Warning! : Core id 14 does not exist on this architecture! 
CPU Affinity is undefined 
Warning! : Core id 0 does not exist on this architecture! 
CPU Affinity is undefined 
Warning! : Core id 0 does not exist on this architecture! 
CPU Affinity is undefined 
Warning! : Core id 2 does not exist on this architecture! 
Warning! : Core id 13 does not exist on this architecture! 
CPU Affinity is undefined 
CPU Affinity is undefined 
Warning! : Core id 6 does not exist on this architecture! 
CPU Affinity is undefined 
Warning! : Core id 14 does not exist on this architecture! 
CPU Affinity is undefined 
Warning! : Core id 6 does not exist on this architecture! 
CPU Affinity is undefined 
Warning! : Core id 11 does not exist on this architecture! 
CPU Affinity is undefined 
Warning! : Core id 5 does not exist on this architecture! 
CPU Affinity is undefined 
Warning! : Core id 1 does not exist on this architecture! 
CPU Affinity is undefined 
Warning! : Core id 13 does not exist on this architecture! 
CPU Affinity is undefined 
Warning! : Core id 11 does not exist on this architecture! 
CPU Affinity is undefined 
Warning! : Core id 1 does not exist on this architecture! 
CPU Affinity is undefined 
Warning! : Core id 9 does not exist on this architecture! 
CPU Affinity is undefined 
Warning! : Core id 6 does not exist on this architecture! 
CPU Affinity is undefined 
Warning! : Core id 2 does not exist on this architecture! 
CPU Affinity is undefined 
Warning! : Core id 13 does not exist on this architecture! 
CPU Affinity is undefined 
Warning! : Core id 8 does not exist on this architecture! 
CPU Affinity is undefined 
Warning! : Core id 8 does not exist on this architecture! 
CPU Affinity is undefined 
Warning! : Core id 10 does not exist on this architecture! 
CPU Affinity is undefined 
Warning! : Core id 14 does not exist on this architecture! 
Warning! : Core id 0 does not exist on this architecture! 
CPU Affinity is undefined 
CPU Affinity is undefined 
Warning! : Core id 3 does not exist on this architecture! 
CPU Affinity is undefined 
Warning! : Core id 12 does not exist on this architecture! 
CPU Affinity is undefined 
Warning! : Core id 8 does not exist on this architecture! 
CPU Affinity is undefined 
Warning! : Core id 10 does not exist on this architecture! 
CPU Affinity is undefined 
Warning! : Core id 13 does not exist on this architecture! 
CPU Affinity is undefined 
Warning! : Core id 5 does not exist on this architecture! 
Warning! : Core id 12 does not exist on this architecture! 
Warning! : Core id 11 does not exist on this architecture! 
Warning! : Core id 6 does not exist on this architecture! 
CPU Affinity is undefined 
CPU Affinity is undefined 
CPU Affinity is undefined 
CPU Affinity is undefined 
Warning! : Core id 2 does not exist on this architecture! 
CPU Affinity is undefined 
Warning! : Core id 8 does not exist on this architecture! 
CPU Affinity is undefined 
Warning! : Core id 7 does not exist on this architecture! 
CPU Affinity is undefined 
Warning! : Core id 14 does not exist on this architecture! 
CPU Affinity is undefined 
Warning! : Core id 11 does not exist on this architecture! 
CPU Affinity is undefined 
Warning! : Core id 4 does not exist on this architecture! 
CPU Affinity is undefined 
Warning! : Core id 12 does not exist on this architecture! 
CPU Affinity is undefined 
Warning! : Core id 5 does not exist on this architecture! 
Warning! : Core id 5 does not exist on this architecture! 
CPU Affinity is undefined 
Warning! : Core id 13 does not exist on this architecture! 
CPU Affinity is undefined 
CPU Affinity is undefined 
Warning! : Core id 2 does not exist on this architecture! 
CPU Affinity is undefined 
Warning! : Core id 4 does not exist on this architecture! 
CPU Affinity is undefined 
Warning! : Core id 11 does not exist on this architecture! 
CPU Affinity is undefined 
Warning! : Core id 9 does not exist on this architecture! 
CPU Affinity is undefined 
Warning! : Core id 5 does not exist on this architecture! 
CPU Affinity is undefined 
Warning! : Core id 3 does not exist on this architecture! 
Warning! : Core id 12 does not exist on this architecture! 
CPU Affinity is undefined 
Warning! : Core id 9 does not exist on this architecture! 
Warning! : Core id 0 does not exist on this architecture! 
CPU Affinity is undefined 
CPU Affinity is undefined 
Warning! : Core id 13 does not exist on this architecture! 
CPU Affinity is undefined 
Warning! : Core id 5 does not exist on this architecture! 
CPU Affinity is undefined 
Warning! : Core id 1 does not exist on this architecture! 
CPU Affinity is undefined 
Warning! : Core id 4 does not exist on this architecture! 
CPU Affinity is undefined 
Warning! : Core id 11 does not exist on this architecture! 
CPU Affinity is undefined 
Warning! : Core id 10 does not exist on this architecture! 
CPU Affinity is undefined 
Warning! : Core id 10 does not exist on this architecture! 
CPU Affinity is undefined 
CPU Affinity is undefined 
Warning! : Core id 4 does not exist on this architecture! 
CPU Affinity is undefined 
Warning! : Core id 9 does not exist on this architecture! 
CPU Affinity is undefined 
Warning! : Core id 14 does not exist on this architecture! 
CPU Affinity is undefined 
Warning! : Core id 14 does not exist on this architecture! 
CPU Affinity is undefined 
Warning! : Core id 6 does not exist on this architecture! 
CPU Affinity is undefined 
Warning! : Core id 1 does not exist on this architecture! 
CPU Affinity is undefined 
Warning! : Core id 4 does not exist on this architecture! 
CPU Affinity is undefined 
Warning! : Core id 8 does not exist on this architecture! 
CPU Affinity is undefined 
Warning! : Core id 10 does not exist on this architecture! 
CPU Affinity is undefined 
Warning! : Core id 4 does not exist on this architecture! 
CPU Affinity is undefined 
Warning! : Core id 11 does not exist on this architecture! 
CPU Affinity is undefined 
Warning! : Core id 8 does not exist on this architecture! 
CPU Affinity is undefined 
Warning! : Core id 6 does not exist on this architecture! 
CPU Affinity is undefined 
Warning! : Core id 7 does not exist on this architecture! 
Warning! : Core id 5 does not exist on this architecture! 
CPU Affinity is undefined 
CPU Affinity is undefined 
Warning! : Core id 7 does not exist on this architecture! 
Warning! : Core id 12 does not exist on this architecture! 
CPU Affinity is undefined 
CPU Affinity is undefined 
Warning! : Core id 14 does not exist on this architecture! 
CPU Affinity is undefined 
Warning! : Core id 10 does not exist on this architecture! 
CPU Affinity is undefined 
Warning! : Core id 5 does not exist on this architecture! 
Warning! : Core id 3 does not exist on this architecture! 
CPU Affinity is undefined 
Warning! : Core id 8 does not exist on this architecture! 
CPU Affinity is undefined 
CPU Affinity is undefined 
Warning! : Core id 0 does not exist on this architecture! 
CPU Affinity is undefined 
Warning! : Core id 7 does not exist on this architecture! 
CPU Affinity is undefined 
Warning! : Core id 13 does not exist on this architecture! 
CPU Affinity is undefined 
Warning! : Core id 3 does not exist on this architecture! 
Warning! : Core id 5 does not exist on this architecture! 
CPU Affinity is undefined 
CPU Affinity is undefined 
Warning! : Core id 10 does not exist on this architecture! 
CPU Affinity is undefined 
Warning! : Core id 1 does not exist on this architecture! 
CPU Affinity is undefined 
Warning! : Core id 5 does not exist on this architecture! 
CPU Affinity is undefined 
Warning! : Core id 14 does not exist on this architecture! 
CPU Affinity is undefined 
Warning! : Core id 0 does not exist on this architecture! 
CPU Affinity is undefined 
Warning! : Core id 9 does not exist on this architecture! 
CPU Affinity is undefined 
Warning! : Core id 9 does not exist on this architecture! 
Warning! : Core id 8 does not exist on this architecture! 
Warning! : Core id 5 does not exist on this architecture! 
CPU Affinity is undefined 
CPU Affinity is undefined 
CPU Affinity is undefined 
Warning! : Core id 5 does not exist on this architecture! 
CPU Affinity is undefined 
Warning! : Core id 13 does not exist on this architecture! 
CPU Affinity is undefined 
Warning! : Core id 2 does not exist on this architecture! 
CPU Affinity is undefined 
Warning! : Core id 2 does not exist on this architecture! 
CPU Affinity is undefined 
Warning! : Core id 10 does not exist on this architecture! 
CPU Affinity is undefined 
Warning! : Core id 3 does not exist on this architecture! 
Warning! : Core id 1 does not exist on this architecture! 
CPU Affinity is undefined 
CPU Affinity is undefined 
Warning! : Core id 9 does not exist on this architecture! 
CPU Affinity is undefined 
Warning! : Core id 8 does not exist on this architecture! 
CPU Affinity is undefined 
Warning! : Core id 2 does not exist on this architecture! 
CPU Affinity is undefined 
Warning! : Core id 6 does not exist on this architecture! 
CPU Affinity is undefined 
Warning! : Core id 6 does not exist on this architecture! 
CPU Affinity is undefined 
Warning! : Core id 9 does not exist on this architecture! 
CPU Affinity is undefined 
Warning! : Core id 9 does not exist on this architecture! 
Warning! : Core id 0 does not exist on this architecture! 
CPU Affinity is undefined 
CPU Affinity is undefined 
Warning! : Core id 7 does not exist on this architecture! 
CPU Affinity is undefined 
Warning! : Core id 1 does not exist on this architecture! 
CPU Affinity is undefined 
Warning! : Core id 12 does not exist on this architecture! 
Warning! : Core id 8 does not exist on this architecture! 
CPU Affinity is undefined 
CPU Affinity is undefined 
Warning! : Core id 5 does not exist on this architecture! 
CPU Affinity is undefined 
Warning! : Core id 3 does not exist on this architecture! 
CPU Affinity is undefined 
Warning! : Core id 0 does not exist on this architecture! 
CPU Affinity is undefined 
Warning! : Core id 6 does not exist on this architecture! 
CPU Affinity is undefined 
Warning! : Core id 11 does not exist on this architecture! 
CPU Affinity is undefined 
Warning! : Core id 13 does not exist on this architecture! 
Warning! : Core id 11 does not exist on this architecture! 
CPU Affinity is undefined 
CPU Affinity is undefined 
Warning! : Core id 5 does not exist on this architecture! 
CPU Affinity is undefined 
Warning! : Core id 2 does not exist on this architecture! 
CPU Affinity is undefined 
Warning! : Core id 9 does not exist on this architecture! 
CPU Affinity is undefined 
Warning! : Core id 0 does not exist on this architecture! 
CPU Affinity is undefined 
Warning! : Core id 3 does not exist on this architecture! 
CPU Affinity is undefined 
Warning! : Core id 3 does not exist on this architecture! 
CPU Affinity is undefined 
Warning! : Core id 7 does not exist on this architecture! 
CPU Affinity is undefined 
Warning! : Core id 1 does not exist on this architecture! 
CPU Affinity is undefined 
Warning! : Core id 3 does not exist on this architecture! 
CPU Affinity is undefined 
Warning! : Core id 9 does not exist on this architecture! 
CPU Affinity is undefined 
Warning! : Core id 4 does not exist on this architecture! 
CPU Affinity is undefined 
Warning! : Core id 7 does not exist on this architecture! 
CPU Affinity is undefined 
Warning! : Core id 7 does not exist on this architecture! 
CPU Affinity is undefined 
Warning! : Core id 4 does not exist on this architecture! 
Warning! : Core id 14 does not exist on this architecture! 
CPU Affinity is undefined 
CPU Affinity is undefined 
Warning! : Core id 11 does not exist on this architecture! 
CPU Affinity is undefined 
Warning! : Core id 14 does not exist on this architecture! 
CPU Affinity is undefined 
Warning! : Core id 6 does not exist on this architecture! 
CPU Affinity is undefined 
Warning! : Core id 9 does not exist on this architecture! 
CPU Affinity is undefined 
Warning! : Core id 0 does not exist on this architecture! 
CPU Affinity is undefined 
Warning! : Core id 10 does not exist on this architecture! 
CPU Affinity is undefined 
Warning! : Core id 12 does not exist on this architecture! 
CPU Affinity is undefined 
Warning! : Core id 14 does not exist on this architecture! 
CPU Affinity is undefined 
Warning! : Core id 2 does not exist on this architecture! 
CPU Affinity is undefined 
Warning! : Core id 1 does not exist on this architecture! 
CPU Affinity is undefined 
Warning! : Core id 2 does not exist on this architecture! 
CPU Affinity is undefined 
Warning! : Core id 2 does not exist on this architecture! 
Warning! : Core id 7 does not exist on this architecture! 
CPU Affinity is undefined 
CPU Affinity is undefined 
Warning! : Core id 1 does not exist on this architecture! 
CPU Affinity is undefined 
Warning! : Core id 7 does not exist on this architecture! 
CPU Affinity is undefined 
Warning! : Core id 3 does not exist on this architecture! 
CPU Affinity is undefined 
Warning! : Core id 6 does not exist on this architecture! 
CPU Affinity is undefined 
Warning! : Core id 12 does not exist on this architecture! 
CPU Affinity is undefined 
Warning! : Core id 8 does not exist on this architecture! 
CPU Affinity is undefined 
Warning! : Core id 10 does not exist on this architecture! 
CPU Affinity is undefined 
Warning! : Core id 6 does not exist on this architecture! 
CPU Affinity is undefined 
Warning! : Core id 2 does not exist on this architecture! 
CPU Affinity is undefined 
Warning! : Core id 9 does not exist on this architecture! 
CPU Affinity is undefined 
Warning! : Core id 0 does not exist on this architecture! 
CPU Affinity is undefined 
Warning! : Core id 11 does not exist on this architecture! 
CPU Affinity is undefined 
Warning! : Core id 7 does not exist on this architecture! 
CPU Affinity is undefined 
Warning! : Core id 11 does not exist on this architecture! 
CPU Affinity is undefined 
Warning! : Core id 14 does not exist on this architecture! 
Warning! : Core id 9 does not exist on this architecture! 
CPU Affinity is undefined 
Warning! : Core id 6 does not exist on this architecture! 
CPU Affinity is undefined 
Warning! : Core id 5 does not exist on this architecture! 
CPU Affinity is undefined 
CPU Affinity is undefined 
Warning! : Core id 0 does not exist on this architecture! 
CPU Affinity is undefined 
Warning! : Core id 9 does not exist on this architecture! 
CPU Affinity is undefined 
Warning! : Core id 11 does not exist on this architecture! 
CPU Affinity is undefined 
Warning! : Core id 14 does not exist on this architecture! 
CPU Affinity is undefined 
Warning! : Core id 13 does not exist on this architecture! 
CPU Affinity is undefined 
Warning! : Core id 0 does not exist on this architecture! 
CPU Affinity is undefined 
Warning! : Core id 2 does not exist on this architecture! 
CPU Affinity is undefined 
Warning! : Core id 12 does not exist on this architecture! 
CPU Affinity is undefined 
Warning! : Core id 7 does not exist on this architecture! 
CPU Affinity is undefined 

[Simulation begins] Sat Dec  2 21:06:55 2017

dt= 0.00144443, # iters = 2000
m x n = 1800 x 1800
processor geometry: 2 x 512

Compiled with MPI ENABLED
Communication shut off

[Simulation completes] Sat Dec  2 21:06:55 2017

End at iteration 1999
Max norm: 9.96750e-01, L2norm: 6.37382e-01
Running Time: 0.157329 sec. [1.15e+03 GFlop/sec]

   M x N   px x py Comm?   #iter  T_p, Gflops        Linf, L2
@ 1800 1800    2 512      N     2000  0.1573 1153    9.96750e-01 6.37382e-01
  -----
