
[Simulation begins] Sat Dec  2 22:30:29 2017

dt= 0.00144443, # iters = 2000
m x n = 1800 x 1800
processor geometry: 2 x 24

Compiled with MPI ENABLED

[Simulation completes] Sat Dec  2 22:30:30 2017

End at iteration 1999
Max norm: 9.96750e-01, L2norm: 6.48613e-01
Running Time: 0.483839 sec. [375 GFlop/sec]

   M x N   px x py Comm?   #iter  T_p, Gflops        Linf, L2
@ 1800 1800    2 24      Y     2000  0.4838 375    9.96750e-01 6.48613e-01
  -----

[Simulation begins] Sat Dec  2 22:30:35 2017

dt= 0.00144443, # iters = 2000
m x n = 1800 x 1800
processor geometry: 4 x 12

Compiled with MPI ENABLED

[Simulation completes] Sat Dec  2 22:30:36 2017

End at iteration 1999
Max norm: 9.96750e-01, L2norm: 6.48613e-01
Running Time: 0.49771 sec. [365 GFlop/sec]

   M x N   px x py Comm?   #iter  T_p, Gflops        Linf, L2
@ 1800 1800    4 12      Y     2000  0.4977 364.5    9.96750e-01 6.48613e-01
  -----

[Simulation begins] Sat Dec  2 22:30:42 2017

dt= 0.00144443, # iters = 2000
m x n = 1800 x 1800
processor geometry: 6 x 8

Compiled with MPI ENABLED

[Simulation completes] Sat Dec  2 22:30:42 2017

End at iteration 1999
Max norm: 9.96750e-01, L2norm: 6.48613e-01
Running Time: 0.49484 sec. [367 GFlop/sec]

   M x N   px x py Comm?   #iter  T_p, Gflops        Linf, L2
@ 1800 1800    6 8      Y     2000  0.4948 366.7    9.96750e-01 6.48613e-01
  -----

[Simulation begins] Sat Dec  2 22:30:48 2017

dt= 0.00144443, # iters = 2000
m x n = 1800 x 1800
processor geometry: 8 x 6

Compiled with MPI ENABLED

[Simulation completes] Sat Dec  2 22:30:49 2017

End at iteration 1999
Max norm: 9.96750e-01, L2norm: 6.48606e-01
Running Time: 0.506245 sec. [358 GFlop/sec]

   M x N   px x py Comm?   #iter  T_p, Gflops        Linf, L2
@ 1800 1800    8 6      Y     2000  0.5062 358.4    9.96750e-01 6.48606e-01
  -----

[Simulation begins] Sat Dec  2 22:30:55 2017

dt= 0.00144443, # iters = 2000
m x n = 1800 x 1800
processor geometry: 12 x 4

Compiled with MPI ENABLED

[Simulation completes] Sat Dec  2 22:30:55 2017

End at iteration 1999
Max norm: 9.96750e-01, L2norm: 6.48613e-01
Running Time: 0.612929 sec. [296 GFlop/sec]

   M x N   px x py Comm?   #iter  T_p, Gflops        Linf, L2
@ 1800 1800    12 4      Y     2000  0.6129 296    9.96750e-01 6.48613e-01
  -----

[Simulation begins] Sat Dec  2 22:31:01 2017

dt= 0.00144443, # iters = 2000
m x n = 1800 x 1800
processor geometry: 24 x 2

Compiled with MPI ENABLED

[Simulation completes] Sat Dec  2 22:31:02 2017

End at iteration 1999
Max norm: 9.96750e-01, L2norm: 6.48613e-01
Running Time: 0.529591 sec. [343 GFlop/sec]

   M x N   px x py Comm?   #iter  T_p, Gflops        Linf, L2
@ 1800 1800    24 2      Y     2000  0.5296 342.6    9.96750e-01 6.48613e-01
  -----
