
[Simulation begins] Thu Nov 30 19:58:46 2017

dt= 0.00144443, # iters = 2000
m x n = 1800 x 1800
processor geometry: 2 x 48

Compiled with MPI ENABLED

[Simulation completes] Thu Nov 30 19:58:47 2017

End at iteration 1999
Max norm: 9.96750e-01, L2norm: 6.48613e-01
Running Time: 0.568322 sec. [319 GFlop/sec]

   M x N   px x py Comm?   #iter  T_p, Gflops        Linf, L2
@ 1800 1800    2 48      Y     2000  0.5683 319.3    9.96750e-01 6.48613e-01
  -----

[Simulation begins] Thu Nov 30 19:58:48 2017

dt= 0.00144443, # iters = 2000
m x n = 1800 x 1800
processor geometry: 2 x 96

Compiled with MPI ENABLED

[Simulation completes] Thu Nov 30 19:58:48 2017

End at iteration 1999
Max norm: 9.96750e-01, L2norm: 6.48613e-01
Running Time: 0.337806 sec. [537 GFlop/sec]

   M x N   px x py Comm?   #iter  T_p, Gflops        Linf, L2
@ 1800 1800    2 96      Y     2000  0.3378 537.1    9.96750e-01 6.48613e-01
  -----

[Simulation begins] Thu Nov 30 19:58:50 2017

dt= 0.00144443, # iters = 2000
m x n = 1800 x 1800
processor geometry: 2 x 192

Compiled with MPI ENABLED

[Simulation completes] Thu Nov 30 19:58:50 2017

End at iteration 1999
Max norm: 9.96750e-01, L2norm: 6.48613e-01
Running Time: 0.182006 sec. [997 GFlop/sec]

   M x N   px x py Comm?   #iter  T_p, Gflops        Linf, L2
@ 1800 1800    2 192      Y     2000  0.182 996.9    9.96750e-01 6.48613e-01
  -----

[Simulation begins] Thu Nov 30 19:58:52 2017

dt= 0.00144443, # iters = 2000
m x n = 1800 x 1800
processor geometry: 2 x 240

Compiled with MPI ENABLED

[Simulation completes] Thu Nov 30 19:58:52 2017

End at iteration 1999
Max norm: 9.96750e-01, L2norm: 6.48613e-01
Running Time: 0.142063 sec. [1.28e+03 GFlop/sec]

   M x N   px x py Comm?   #iter  T_p, Gflops        Linf, L2
@ 1800 1800    2 240      Y     2000  0.1421 1277    9.96750e-01 6.48613e-01
  -----

[Simulation begins] Thu Nov 30 19:58:56 2017

dt= 0.00144443, # iters = 2000
m x n = 1800 x 1800
processor geometry: 2 x 480

Compiled with MPI ENABLED

[Simulation completes] Thu Nov 30 19:58:56 2017

End at iteration 1999
Max norm: 9.96750e-01, L2norm: 6.48613e-01
Running Time: 0.0849481 sec. [2.14e+03 GFlop/sec]

   M x N   px x py Comm?   #iter  T_p, Gflops        Linf, L2
@ 1800 1800    2 480      Y     2000  0.08495 2136    9.96750e-01 6.48613e-01
  -----

[Simulation begins] Thu Nov 30 19:59:00 2017

dt= 0.00144443, # iters = 2000
m x n = 1800 x 1800
processor geometry: 2 x 512

Compiled with MPI ENABLED

[Simulation completes] Thu Nov 30 19:59:00 2017

End at iteration 1999
Max norm: 9.96750e-01, L2norm: 6.48613e-01
Running Time: 0.079735 sec. [2.28e+03 GFlop/sec]

   M x N   px x py Comm?   #iter  T_p, Gflops        Linf, L2
@ 1800 1800    2 512      Y     2000  0.07974 2276    9.96750e-01 6.48613e-01
  -----
