
[Simulation begins] Sat Dec  2 16:52:37 2017

dt= 0.00144443, # iters = 2000
m x n = 1800 x 1800
processor geometry: 1 x 96

Compiled with MPI ENABLED

[Simulation completes] Sat Dec  2 16:52:37 2017

End at iteration 1999
Max norm: 9.96750e-01, L2norm: 6.48613e-01
Running Time: 0.351615 sec. [516 GFlop/sec]

   M x N   px x py Comm?   #iter  T_p, Gflops        Linf, L2
@ 1800 1800    1 96      Y     2000  0.3516 516    9.96750e-01 6.48613e-01
  -----

[Simulation begins] Sat Dec  2 16:52:39 2017

dt= 0.00144443, # iters = 2000
m x n = 1800 x 1800
processor geometry: 2 x 48

Compiled with MPI ENABLED

[Simulation completes] Sat Dec  2 16:52:40 2017

End at iteration 1999
Max norm: 9.96750e-01, L2norm: 6.48613e-01
Running Time: 0.34432 sec. [527 GFlop/sec]

   M x N   px x py Comm?   #iter  T_p, Gflops        Linf, L2
@ 1800 1800    2 48      Y     2000  0.3443 527    9.96750e-01 6.48613e-01
  -----

[Simulation begins] Sat Dec  2 16:52:41 2017

dt= 0.00144443, # iters = 2000
m x n = 1800 x 1800
processor geometry: 3 x 32

Compiled with MPI ENABLED

[Simulation completes] Sat Dec  2 16:52:42 2017

End at iteration 1999
Max norm: 9.96750e-01, L2norm: 6.48613e-01
Running Time: 0.352742 sec. [514 GFlop/sec]

   M x N   px x py Comm?   #iter  T_p, Gflops        Linf, L2
@ 1800 1800    3 32      Y     2000  0.3527 514.4    9.96750e-01 6.48613e-01
  -----

[Simulation begins] Sat Dec  2 16:52:43 2017

dt= 0.00144443, # iters = 2000
m x n = 1800 x 1800
processor geometry: 4 x 24

Compiled with MPI ENABLED

[Simulation completes] Sat Dec  2 16:52:44 2017

End at iteration 1999
Max norm: 9.96750e-01, L2norm: 6.48613e-01
Running Time: 0.358476 sec. [506 GFlop/sec]

   M x N   px x py Comm?   #iter  T_p, Gflops        Linf, L2
@ 1800 1800    4 24      Y     2000  0.3585 506.1    9.96750e-01 6.48613e-01
  -----

[Simulation begins] Sat Dec  2 16:52:46 2017

dt= 0.00144443, # iters = 2000
m x n = 1800 x 1800
processor geometry: 6 x 16

Compiled with MPI ENABLED

[Simulation completes] Sat Dec  2 16:52:46 2017

End at iteration 1999
Max norm: 9.96750e-01, L2norm: 6.48613e-01
Running Time: 0.352655 sec. [514 GFlop/sec]

   M x N   px x py Comm?   #iter  T_p, Gflops        Linf, L2
@ 1800 1800    6 16      Y     2000  0.3527 514.5    9.96750e-01 6.48613e-01
  -----

[Simulation begins] Sat Dec  2 16:52:48 2017

dt= 0.00144443, # iters = 2000
m x n = 1800 x 1800
processor geometry: 8 x 12

Compiled with MPI ENABLED

[Simulation completes] Sat Dec  2 16:52:48 2017

End at iteration 1999
Max norm: 9.96750e-01, L2norm: 6.48613e-01
Running Time: 0.354311 sec. [512 GFlop/sec]

   M x N   px x py Comm?   #iter  T_p, Gflops        Linf, L2
@ 1800 1800    8 12      Y     2000  0.3543 512.1    9.96750e-01 6.48613e-01
  -----

[Simulation begins] Sat Dec  2 16:52:50 2017

dt= 0.00144443, # iters = 2000
m x n = 1800 x 1800
processor geometry: 12 x 8

Compiled with MPI ENABLED

[Simulation completes] Sat Dec  2 16:52:50 2017

End at iteration 1999
Max norm: 9.96750e-01, L2norm: 6.48613e-01
Running Time: 0.359476 sec. [505 GFlop/sec]

   M x N   px x py Comm?   #iter  T_p, Gflops        Linf, L2
@ 1800 1800    12 8      Y     2000  0.3595 504.7    9.96750e-01 6.48613e-01
  -----

[Simulation begins] Sat Dec  2 16:52:52 2017

dt= 0.00144443, # iters = 2000
m x n = 1800 x 1800
processor geometry: 16 x 6

Compiled with MPI ENABLED

[Simulation completes] Sat Dec  2 16:52:52 2017

End at iteration 1999
Max norm: 9.96750e-01, L2norm: 6.48613e-01
Running Time: 0.363523 sec. [499 GFlop/sec]

   M x N   px x py Comm?   #iter  T_p, Gflops        Linf, L2
@ 1800 1800    16 6      Y     2000  0.3635 499.1    9.96750e-01 6.48613e-01
  -----

[Simulation begins] Sat Dec  2 16:52:54 2017

dt= 0.00144443, # iters = 2000
m x n = 1800 x 1800
processor geometry: 24 x 4

Compiled with MPI ENABLED

[Simulation completes] Sat Dec  2 16:52:54 2017

End at iteration 1999
Max norm: 9.96750e-01, L2norm: 6.48613e-01
Running Time: 0.378942 sec. [479 GFlop/sec]

   M x N   px x py Comm?   #iter  T_p, Gflops        Linf, L2
@ 1800 1800    24 4      Y     2000  0.3789 478.8    9.96750e-01 6.48613e-01
  -----

[Simulation begins] Sat Dec  2 16:52:56 2017

dt= 0.00144443, # iters = 2000
m x n = 1800 x 1800
processor geometry: 32 x 3

Compiled with MPI ENABLED

[Simulation completes] Sat Dec  2 16:52:56 2017

End at iteration 1999
Max norm: 9.96750e-01, L2norm: 6.48613e-01
Running Time: 0.367501 sec. [494 GFlop/sec]

   M x N   px x py Comm?   #iter  T_p, Gflops        Linf, L2
@ 1800 1800    32 3      Y     2000  0.3675 493.7    9.96750e-01 6.48613e-01
  -----

[Simulation begins] Sat Dec  2 16:52:58 2017

dt= 0.00144443, # iters = 2000
m x n = 1800 x 1800
processor geometry: 48 x 2

Compiled with MPI ENABLED

[Simulation completes] Sat Dec  2 16:52:58 2017

End at iteration 1999
Max norm: 9.96750e-01, L2norm: 6.48613e-01
Running Time: 0.37042 sec. [490 GFlop/sec]

   M x N   px x py Comm?   #iter  T_p, Gflops        Linf, L2
@ 1800 1800    48 2      Y     2000  0.3704 489.8    9.96750e-01 6.48613e-01
  -----

[Simulation begins] Sat Dec  2 16:53:00 2017

dt= 0.00144443, # iters = 2000
m x n = 1800 x 1800
processor geometry: 96 x 1

Compiled with MPI ENABLED

[Simulation completes] Sat Dec  2 16:53:00 2017

End at iteration 1999
Max norm: 9.96750e-01, L2norm: 6.48613e-01
Running Time: 0.424256 sec. [428 GFlop/sec]

   M x N   px x py Comm?   #iter  T_p, Gflops        Linf, L2
@ 1800 1800    96 1      Y     2000  0.4243 427.7    9.96750e-01 6.48613e-01
  -----
