Use of uninitialized value in foreach loop entry at /opt/sdsc/bin/ibrun line 327, <NODEFILE> line 1024.
Use of uninitialized value in foreach loop entry at /opt/sdsc/bin/ibrun line 327, <NODEFILE> line 1024.
Use of uninitialized value in foreach loop entry at /opt/sdsc/bin/ibrun line 327, <NODEFILE> line 1024.
Use of uninitialized value in foreach loop entry at /opt/sdsc/bin/ibrun line 327, <NODEFILE> line 1024.
Use of uninitialized value in foreach loop entry at /opt/sdsc/bin/ibrun line 327, <NODEFILE> line 1024.
Use of uninitialized value in foreach loop entry at /opt/sdsc/bin/ibrun line 327, <NODEFILE> line 1024.
Use of uninitialized value in foreach loop entry at /opt/sdsc/bin/ibrun line 327, <NODEFILE> line 1024.
Use of uninitialized value in foreach loop entry at /opt/sdsc/bin/ibrun line 327, <NODEFILE> line 1024.
Use of uninitialized value in foreach loop entry at /opt/sdsc/bin/ibrun line 327, <NODEFILE> line 1024.
Use of uninitialized value in foreach loop entry at /opt/sdsc/bin/ibrun line 327, <NODEFILE> line 1024.
Use of uninitialized value in foreach loop entry at /opt/sdsc/bin/ibrun line 327, <NODEFILE> line 1024.
Use of uninitialized value in foreach loop entry at /opt/sdsc/bin/ibrun line 327, <NODEFILE> line 1024.
Use of uninitialized value in foreach loop entry at /opt/sdsc/bin/ibrun line 327, <NODEFILE> line 1024.
Use of uninitialized value in foreach loop entry at /opt/sdsc/bin/ibrun line 327, <NODEFILE> line 1024.
Use of uninitialized value in foreach loop entry at /opt/sdsc/bin/ibrun line 327, <NODEFILE> line 1024.
Use of uninitialized value in foreach loop entry at /opt/sdsc/bin/ibrun line 327, <NODEFILE> line 1024.
Use of uninitialized value in foreach loop entry at /opt/sdsc/bin/ibrun line 327, <NODEFILE> line 1024.
Use of uninitialized value in foreach loop entry at /opt/sdsc/bin/ibrun line 327, <NODEFILE> line 1024.
Use of uninitialized value in foreach loop entry at /opt/sdsc/bin/ibrun line 327, <NODEFILE> line 1024.
Use of uninitialized value in foreach loop entry at /opt/sdsc/bin/ibrun line 327, <NODEFILE> line 1024.
Use of uninitialized value in foreach loop entry at /opt/sdsc/bin/ibrun line 327, <NODEFILE> line 1024.
Use of uninitialized value in foreach loop entry at /opt/sdsc/bin/ibrun line 327, <NODEFILE> line 1024.
Use of uninitialized value in foreach loop entry at /opt/sdsc/bin/ibrun line 327, <NODEFILE> line 1024.
Use of uninitialized value in foreach loop entry at /opt/sdsc/bin/ibrun line 327, <NODEFILE> line 1024.
Use of uninitialized value in foreach loop entry at /opt/sdsc/bin/ibrun line 327, <NODEFILE> line 1024.
Use of uninitialized value in foreach loop entry at /opt/sdsc/bin/ibrun line 327, <NODEFILE> line 1024.
Use of uninitialized value in foreach loop entry at /opt/sdsc/bin/ibrun line 327, <NODEFILE> line 1024.
Use of uninitialized value in foreach loop entry at /opt/sdsc/bin/ibrun line 327, <NODEFILE> line 1024.
Use of uninitialized value in foreach loop entry at /opt/sdsc/bin/ibrun line 327, <NODEFILE> line 1024.
Use of uninitialized value in foreach loop entry at /opt/sdsc/bin/ibrun line 327, <NODEFILE> line 1024.
Use of uninitialized value in foreach loop entry at /opt/sdsc/bin/ibrun line 327, <NODEFILE> line 1024.
Use of uninitialized value in foreach loop entry at /opt/sdsc/bin/ibrun line 327, <NODEFILE> line 1024.
Use of uninitialized value in foreach loop entry at /opt/sdsc/bin/ibrun line 327, <NODEFILE> line 1024.
Use of uninitialized value in foreach loop entry at /opt/sdsc/bin/ibrun line 327, <NODEFILE> line 1024.
Use of uninitialized value in foreach loop entry at /opt/sdsc/bin/ibrun line 327, <NODEFILE> line 1024.
Use of uninitialized value in foreach loop entry at /opt/sdsc/bin/ibrun line 327, <NODEFILE> line 1024.
Use of uninitialized value in foreach loop entry at /opt/sdsc/bin/ibrun line 327, <NODEFILE> line 1024.
Use of uninitialized value in foreach loop entry at /opt/sdsc/bin/ibrun line 327, <NODEFILE> line 1024.
Use of uninitialized value in foreach loop entry at /opt/sdsc/bin/ibrun line 327, <NODEFILE> line 1024.
Use of uninitialized value in foreach loop entry at /opt/sdsc/bin/ibrun line 327, <NODEFILE> line 1024.
Use of uninitialized value in foreach loop entry at /opt/sdsc/bin/ibrun line 327, <NODEFILE> line 1024.
Use of uninitialized value in foreach loop entry at /opt/sdsc/bin/ibrun line 327, <NODEFILE> line 1024.
Use of uninitialized value in foreach loop entry at /opt/sdsc/bin/ibrun line 327, <NODEFILE> line 1024.
Use of uninitialized value in foreach loop entry at /opt/sdsc/bin/ibrun line 327, <NODEFILE> line 1024.
Use of uninitialized value in foreach loop entry at /opt/sdsc/bin/ibrun line 327, <NODEFILE> line 1024.
Use of uninitialized value in foreach loop entry at /opt/sdsc/bin/ibrun line 327, <NODEFILE> line 1024.
Use of uninitialized value in foreach loop entry at /opt/sdsc/bin/ibrun line 327, <NODEFILE> line 1024.
Use of uninitialized value in foreach loop entry at /opt/sdsc/bin/ibrun line 327, <NODEFILE> line 1024.
Use of uninitialized value in foreach loop entry at /opt/sdsc/bin/ibrun line 327, <NODEFILE> line 1024.
Use of uninitialized value in foreach loop entry at /opt/sdsc/bin/ibrun line 327, <NODEFILE> line 1024.
Use of uninitialized value in foreach loop entry at /opt/sdsc/bin/ibrun line 327, <NODEFILE> line 1024.
Use of uninitialized value in foreach loop entry at /opt/sdsc/bin/ibrun line 327, <NODEFILE> line 1024.
Use of uninitialized value in foreach loop entry at /opt/sdsc/bin/ibrun line 327, <NODEFILE> line 1024.
Use of uninitialized value in foreach loop entry at /opt/sdsc/bin/ibrun line 327, <NODEFILE> line 1024.
Use of uninitialized value in foreach loop entry at /opt/sdsc/bin/ibrun line 327, <NODEFILE> line 1024.
Use of uninitialized value in foreach loop entry at /opt/sdsc/bin/ibrun line 327, <NODEFILE> line 1024.
Use of uninitialized value in foreach loop entry at /opt/sdsc/bin/ibrun line 327, <NODEFILE> line 1024.
Use of uninitialized value in foreach loop entry at /opt/sdsc/bin/ibrun line 327, <NODEFILE> line 1024.
Use of uninitialized value in foreach loop entry at /opt/sdsc/bin/ibrun line 327, <NODEFILE> line 1024.
Use of uninitialized value in foreach loop entry at /opt/sdsc/bin/ibrun line 327, <NODEFILE> line 1024.
Use of uninitialized value in foreach loop entry at /opt/sdsc/bin/ibrun line 327, <NODEFILE> line 1024.
Use of uninitialized value in foreach loop entry at /opt/sdsc/bin/ibrun line 327, <NODEFILE> line 1024.
Use of uninitialized value in foreach loop entry at /opt/sdsc/bin/ibrun line 327, <NODEFILE> line 1024.
Use of uninitialized value in foreach loop entry at /opt/sdsc/bin/ibrun line 327, <NODEFILE> line 1024.
Use of uninitialized value in numeric eq (==) at /opt/sdsc/bin/ibrun line 367, <NODEFILE> line 1024.
Use of uninitialized value in numeric eq (==) at /opt/sdsc/bin/ibrun line 387, <NODEFILE> line 1024.
Use of uninitialized value in numeric gt (>) at /opt/sdsc/bin/ibrun line 391, <NODEFILE> line 1024.
[comet-02-12.sdsc.edu:mpirun_rsh][read_hostfile] No host found in hostfile `/tmp/zrma14_xpx'

[Simulation begins] Fri Dec  1 20:43:58 2017

dt= 0.00144443, # iters = 2000
m x n = 1800 x 1800
processor geometry: 2 x 48

Compiled with MPI ENABLED

[Simulation completes] Fri Dec  1 20:43:58 2017

End at iteration 1999
Max norm: 9.96750e-01, L2norm: 6.48613e-01
Running Time: 0.454541 sec. [399 GFlop/sec]

   M x N   px x py Comm?   #iter  T_p, Gflops        Linf, L2
@ 1800 1800    2 48      Y     2000  0.4545 399.2    9.96750e-01 6.48613e-01
  -----

[Simulation begins] Fri Dec  1 20:44:00 2017

dt= 0.00144443, # iters = 2000
m x n = 1800 x 1800
processor geometry: 2 x 96

Compiled with MPI ENABLED

[Simulation completes] Fri Dec  1 20:44:00 2017

End at iteration 1999
Max norm: 9.96750e-01, L2norm: 6.48613e-01
Running Time: 0.204247 sec. [888 GFlop/sec]

   M x N   px x py Comm?   #iter  T_p, Gflops        Linf, L2
@ 1800 1800    2 96      Y     2000  0.2042 888.3    9.96750e-01 6.48613e-01
  -----

[Simulation begins] Fri Dec  1 20:44:02 2017

dt= 0.00144443, # iters = 2000
m x n = 1800 x 1800
processor geometry: 2 x 192

Compiled with MPI ENABLED

[Simulation completes] Fri Dec  1 20:44:02 2017

End at iteration 1999
Max norm: 9.96750e-01, L2norm: 6.48613e-01
Running Time: 0.117722 sec. [1.54e+03 GFlop/sec]

   M x N   px x py Comm?   #iter  T_p, Gflops        Linf, L2
@ 1800 1800    2 192      Y     2000  0.1177 1541    9.96750e-01 6.48613e-01
  -----

[Simulation begins] Fri Dec  1 20:44:04 2017

dt= 0.00144443, # iters = 2000
m x n = 1800 x 1800
processor geometry: 2 x 240

Compiled with MPI ENABLED

[Simulation completes] Fri Dec  1 20:44:04 2017

End at iteration 1999
Max norm: 9.96750e-01, L2norm: 6.48613e-01
Running Time: 0.103498 sec. [1.75e+03 GFlop/sec]

   M x N   px x py Comm?   #iter  T_p, Gflops        Linf, L2
@ 1800 1800    2 240      Y     2000  0.1035 1753    9.96750e-01 6.48613e-01
  -----

[Simulation begins] Fri Dec  1 20:44:08 2017

dt= 0.00144443, # iters = 2000
m x n = 1800 x 1800
processor geometry: 2 x 480

Compiled with MPI ENABLED

[Simulation completes] Fri Dec  1 20:44:08 2017

End at iteration 1999
Max norm: 9.96750e-01, L2norm: 6.48613e-01
Running Time: 0.062994 sec. [2.88e+03 GFlop/sec]

   M x N   px x py Comm?   #iter  T_p, Gflops        Linf, L2
@ 1800 1800    2 480      Y     2000  0.06299 2880    9.96750e-01 6.48613e-01
  -----

[Simulation begins] Fri Dec  1 20:44:12 2017

dt= 0.00144443, # iters = 2000
m x n = 1800 x 1800
processor geometry: 2 x 512

Compiled with MPI ENABLED

[Simulation completes] Fri Dec  1 20:44:12 2017

End at iteration 1999
Max norm: 9.96750e-01, L2norm: 6.48613e-01
Running Time: 0.0559731 sec. [3.24e+03 GFlop/sec]

   M x N   px x py Comm?   #iter  T_p, Gflops        Linf, L2
@ 1800 1800    2 512      Y     2000  0.05597 3242    9.96750e-01 6.48613e-01
  -----
