
[Simulation begins] Sun Dec  3 13:47:17 2017

dt= 0.00144443, # iters = 2000
m x n = 1800 x 1800
processor geometry: 2 x 48

Compiled with MPI ENABLED

[Simulation completes] Sun Dec  3 13:47:18 2017

End at iteration 1999
Max norm: 9.96750e-01, L2norm: 6.48613e-01
Running Time: 0.257443 sec. [705 GFlop/sec]

   M x N   px x py Comm?   #iter  T_p, Gflops        Linf, L2
@ 1800 1800    2 48      Y     2000  0.2574 704.8    9.96750e-01 6.48613e-01
  -----

[Simulation begins] Sun Dec  3 13:47:23 2017

dt= 0.00144443, # iters = 2000
m x n = 1800 x 1800
processor geometry: 4 x 24

Compiled with MPI ENABLED

[Simulation completes] Sun Dec  3 13:47:23 2017

End at iteration 1999
Max norm: 9.96750e-01, L2norm: 6.48613e-01
Running Time: 0.279134 sec. [650 GFlop/sec]

   M x N   px x py Comm?   #iter  T_p, Gflops        Linf, L2
@ 1800 1800    4 24      Y     2000  0.2791 650    9.96750e-01 6.48613e-01
  -----

[Simulation begins] Sun Dec  3 13:47:29 2017

dt= 0.00144443, # iters = 2000
m x n = 1800 x 1800
processor geometry: 6 x 16

Compiled with MPI ENABLED

[Simulation completes] Sun Dec  3 13:47:29 2017

End at iteration 1999
Max norm: 9.96750e-01, L2norm: 6.48613e-01
Running Time: 0.268179 sec. [677 GFlop/sec]

   M x N   px x py Comm?   #iter  T_p, Gflops        Linf, L2
@ 1800 1800    6 16      Y     2000  0.2682 676.6    9.96750e-01 6.48613e-01
  -----

[Simulation begins] Sun Dec  3 13:47:34 2017

dt= 0.00144443, # iters = 2000
m x n = 1800 x 1800
processor geometry: 8 x 12

Compiled with MPI ENABLED

[Simulation completes] Sun Dec  3 13:47:35 2017

End at iteration 1999
Max norm: 9.96750e-01, L2norm: 6.48606e-01
Running Time: 0.27528 sec. [659 GFlop/sec]

   M x N   px x py Comm?   #iter  T_p, Gflops        Linf, L2
@ 1800 1800    8 12      Y     2000  0.2753 659.1    9.96750e-01 6.48606e-01
  -----

[Simulation begins] Sun Dec  3 13:47:40 2017

dt= 0.00144443, # iters = 2000
m x n = 1800 x 1800
processor geometry: 12 x 8

Compiled with MPI ENABLED

[Simulation completes] Sun Dec  3 13:47:40 2017

End at iteration 1999
Max norm: 9.96750e-01, L2norm: 6.48613e-01
Running Time: 0.2814 sec. [645 GFlop/sec]

   M x N   px x py Comm?   #iter  T_p, Gflops        Linf, L2
@ 1800 1800    12 8      Y     2000  0.2814 644.8    9.96750e-01 6.48613e-01
  -----

[Simulation begins] Sun Dec  3 13:47:46 2017

dt= 0.00144443, # iters = 2000
m x n = 1800 x 1800
processor geometry: 24 x 4

Compiled with MPI ENABLED

[Simulation completes] Sun Dec  3 13:47:46 2017

End at iteration 1999
Max norm: 9.96750e-01, L2norm: 6.48613e-01
Running Time: 0.304415 sec. [596 GFlop/sec]

   M x N   px x py Comm?   #iter  T_p, Gflops        Linf, L2
@ 1800 1800    24 4      Y     2000  0.3044 596    9.96750e-01 6.48613e-01
  -----

[Simulation begins] Sun Dec  3 13:47:51 2017

dt= 0.00144443, # iters = 2000
m x n = 1800 x 1800
processor geometry: 48 x 2

Compiled with MPI ENABLED

[Simulation completes] Sun Dec  3 13:47:52 2017

End at iteration 1999
Max norm: 9.96750e-01, L2norm: 6.47916e-01
Running Time: 0.314427 sec. [577 GFlop/sec]

   M x N   px x py Comm?   #iter  T_p, Gflops        Linf, L2
@ 1800 1800    48 2      Y     2000  0.3144 577    9.96750e-01 6.47916e-01
  -----
